2019-02-18 13:01:48.486 INFO  [monitoring,a9a9a9a9-a9a9-a9a9-a9a9-a9a9a9a9a9a9,tRaCeId1,noUser] --- s.i.i.i.w.s.MonitoringLogService : CERTIFICATE_STATUS_CHANGED Certificate '11111111-1111-aaaa-1111-111111111111' - changed to status 'STATUS'
2019-02-18 13:01:48.555 INFO  [monitoring,a9a9a9a9-a9a9-a9a9-a9a9-a9a9a9a9a9a9,tRaCeId1,noUser] --- s.i.i.i.w.s.MonitoringLogService : CERTIFICATE_LISTED_BY_CITIZEN Certificates for citizen '9a8b138a666f84da32e9383b49a15f46f6e08d2c492352aa0dfcc3f993773b0d' - listed by citizen
2019-02-18 13:01:48.557 INFO  [monitoring,a9a9a9a9-a9a9-a9a9-a9a9-a9a9a9a9a9a9,tRaCeId1,noUser] --- s.i.i.i.w.s.MonitoringLogService : CERTIFICATE_LISTED_BY_CARE Certificates for citizen '9a8b138a666f84da32e9383b49a15f46f6e08d2c492352aa0dfcc3f993773b0d' - listed by care
2019-02-18 13:01:48.572 INFO  [monitoring,a9a9a9a9-a9a9-a9a9-a9a9-a9a9a9a9a9a9,tRaCeId1,noUser] --- s.i.i.i.w.s.MonitoringLogService : CERTIFICATE_REGISTERED Certificate '11111111-1111-aaaa-1111-111111111111' with type 'CERTIFICATE_TYPE', care unit 'SE00000-ENHET0001' - registered
2019-02-18 13:01:48.575 INFO  [monitoring,a9a9a9a9-a9a9-a9a9-a9a9-a9a9a9a9a9a9,tRaCeId1,noUser] --- s.i.i.i.w.s.MonitoringLogService : CERTIFICATE_REVOKE_SENT Certificate '11111111-1111-aaaa-1111-111111111111' with type 'CERTIFICATE_TYPE', care unit 'SE00000-ENHET0001' - revoke sent to 'RECIPIENT'
2019-02-18 13:01:48.579 INFO  [monitoring,a9a9a9a9-a9a9-a9a9-a9a9-a9a9a9a9a9a9,tRaCeId1,noUser] --- s.i.i.i.w.s.MonitoringLogService : CERTIFICATE_SENT Certificate '11111111-1111-aaaa-1111-111111111111' with type 'CERTIFICATE-TYPE', care unit 'SE00000-ENHET0001' - sent to 'RECIPIENT'
2019-02-18 13:01:48.669 INFO  [monitoring,a9a9a9a9-a9a9-a9a9-a9a9-a9a9a9a9a9a9,tRaCeId1,noUser] --- s.i.i.i.w.s.MonitoringLogService : CERTIFICATE_REVOKED Certificate '11111111-1111-aaaa-1111-111111111111' with type 'CERTIFICATE-TYPE', care unit 'SE00000-ENHET0001' - revoked
2019-02-18 13:01:48.676 INFO  [monitoring,a9a9a9a9-a9a9-a9a9-a9a9-a9a9a9a9a9a9,tRaCeId1,noUser] --- s.i.i.i.w.s.MonitoringLogService : STATISTICS_REVOKED Certificate '11111111-1111-aaaa-1111-111111111111' with type 'CERTIFICATE-TYPE', care unit 'SE00000-ENHET0001' - revoke sent to statistics
2019-02-18 13:01:48.693 INFO  [monitoring,a9a9a9a9-a9a9-a9a9-a9a9-a9a9a9a9a9a9,tRaCeId1,noUser] --- s.i.i.i.w.s.MonitoringLogService : STATISTICS_SENT Certificate '11111111-1111-aaaa-1111-111111111111' with type 'CERTIFICATE-TYPE', care unit 'SE00000-ENHET0001' - sent to statistics
2019-02-18 13:01:48.698 INFO  [monitoring,a9a9a9a9-a9a9-a9a9-a9a9-a9a9a9a9a9a9,tRaCeId1,noUser] --- s.i.i.i.w.s.MonitoringLogService : STATISTICS_CREATED Certificate '11111111-1111-aaaa-1111-111111111111' with type 'CERTIFICATE-TYPE', care unit 'SE00000-ENHET0001' - sent to statistics
2019-02-18 13:01:48.703 INFO  [monitoring,a9a9a9a9-a9a9-a9a9-a9a9-a9a9a9a9a9a9,tRaCeId1,noUser] --- s.i.i.i.w.s.MonitoringLogService : STATISTICS_MESSAGE_SENT Message with topic 'TOPIC' for certificate '11111111-1111-aaaa-1111-111111111111' - sent to statistics
2019-02-18 13:01:48.712 INFO  [monitoring,a9a9a9a9-a9a9-a9a9-a9a9-a9a9a9a9a9a9,tRaCeId1,noUser] --- s.i.i.i.w.s.MonitoringLogService : SEND_MESSAGE_TO_CARE_RECEIVED Message with id '33333333-3333-cccc-3333-333333333333', care unit recipient 'SE00000-ENHET0001' - was received and forwarded to its recipient.
2019-02-18 13:01:48.726 INFO  [monitoring,a9a9a9a9-a9a9-a9a9-a9a9-a9a9a9a9a9a9,tRaCeId1,noUser] --- s.i.i.i.w.s.MonitoringLogService : SEND_MESSAGE_TO_RECIPIENT Message with id '33333333-3333-cccc-3333-333333333333' sent to recipient 'RECIPIENT'
2019-02-18 13:01:48.732 INFO  [monitoring,a9a9a9a9-a9a9-a9a9-a9a9-a9a9a9a9a9a9,tRaCeId1,noUser] --- s.i.i.i.w.s.MonitoringLogService : APPROVED_RECEIVER_REGISTERED Approved receiver 'RECIPIENT' registered for certificate '11111111-1111-aaaa-1111-111111111111'
2019-02-18 13:01:49.731 INFO  [monitoring,sEsSiOnShAsHsEsSiOnShAsHsEsSiOnS,tRaCeId1,noUser] --- s.i.i.i.w.s.MonitoringLogService : APPROVED_RECEIVER_REGISTERED Approved receiver ''RECIPIENT: YES, RECIPIENT2: NO'' registered for certificate '11111111-1111-aaaa-1111-111111111111'
2019-02-18 14:40:03.090 ERROR [validation,sEsSiOnShAsHsEsSiOnShAsHsEsSiOnS,tRaCeId1] --- aultToSoapResponseTransformerInterceptor : Unmarshalling Error: cvc-pattern-valid: Value '19121212M212' is not facet-valid with respect to pattern '\d{12}' for type 'PersonIdExtension'.
2019-02-18 14:41:59.226 ERROR [validation,sEsSiOnShAsHsEsSiOnShAsHsEsSiOnS,tRaCeId1] --- i.i.w.i.RegisterCertificateResponderImpl : TEST: normalize-space(../../../../gn:svar[@id='2']/gn:delsvar[@id='2.1']) le normalize-space(../../../gn:delsvar[@id='1.2']), MSG: #015        'Kännedom om patienten' får inte vara senare än datum för 'Min undersökning av patienten' eller 'Anhörigs beskrivning av patienten'.#015
2019-02-18 15:01:21.225 INFO  [console,sEsSiOnShAsHsEsSiOnShAsHsEsSiOnS,tRaCeId1] --- ListRelationsForCertificateResponderImpl : Loading relations for 1 intygsId took 1282 ms
2019-02-18 15:01:22.469 INFO  [console,sEsSiOnShAsHsEsSiOnShAsHsEsSiOnS,tRaCeId1] --- .w.i.SendMedicalCertificateResponderImpl : 11111111-1111-aaaa-1111-111111111111 sent to RECIPIENT
2019-02-18 15:01:23.305 INFO  [console,sEsSiOnShAsHsEsSiOnShAsHsEsSiOnS,tRaCeId1] --- .SendCertificateToRecipientResponderImpl : Certificate '11111111-1111-aaaa-1111-111111111111' sent to 'RECIPIENT'.
2019-02-18 15:02:37.411 WARN  [console,sEsSiOnShAsHsEsSiOnShAsHsEsSiOnS,tRaCeId1] --- o.a.cxf.phase.PhaseInterceptorChain      : Application {http://v2.integration.web.intygstjanst.intyg.inera.se/}GetCertificateResponderImplService#{urn:riv:clinicalprocess:healthcond:certificate:GetCertificate:2:rivtabp21}GetCertificate has thrown exception, unwinding nowse.inera.intyg.intygstjanst.web.exception.ServerException: Certificate with id 11111111-1111-aaaa-1111-111111111111 is invalid or does not exist#015#011at se.inera.intyg.intygstjanst.web.integration.v2.GetCertificateResponderImpl.getCertificate(GetCertificateResponderImpl.java:72)#015#011at sun.reflect.GeneratedMethodAccessor341.invoke(Unknown Source)#015#011at sun.reflect.DelegatingMethodAccessorImpl.invoke(DelegatingMethodAccessorImpl.java:43)#015#011at java.lang.reflect.Method.invoke(Method.java:498)#015#011at org.springframework.aop.support.AopUtils.invokeJoinpointUsingReflection(AopUtils.java:333)#015#011at org.springframework.aop.framework.ReflectiveMethodInvocation.invokeJoinpoint(ReflectiveMethodInvocation.java:190)#015#011at org.springframework.aop.framework.ReflectiveMethodInvocation.proceed(ReflectiveMethodInvocation.java:157)#015#011at org.springframework.aop.aspectj.MethodInvocationProceedingJoinPoint.proceed(MethodInvocationProceedingJoinPoint.java:84)#015#011at se.inera.intyg.infra.monitoring.annotation.MethodTimer.timeMethod(MethodTimer.java:67)#015#011at sun.reflect.GeneratedMethodAccessor315.invoke(Unknown Source)#015#011at sun.reflect.DelegatingMethodAccessorImpl.invoke(DelegatingMethodAccessorImpl.java:43)#015#011at java.lang.reflect.Method.invoke(Method.java:498)
2019-02-18 15:03:11.081 ERROR [console,sEsSiOnShAsHsEsSiOnShAsHsEsSiOnS,tRaCeId1] --- .SendCertificateToRecipientResponderImpl : Certificate '11111111-1111-aaaa-1111-111111111111' does not exist for user '9a8b138a666f84da32e9383b49a15f46f6e08d2c492352aa0dfcc3f993773b0d'.
2019-02-18 15:04:46.192 INFO  [console,sEsSiOnShAsHsEsSiOnShAsHsEsSiOnS,tRaCeId1] --- .i.RevokeMedicalCertificateResponderImpl : Tried to revoke certificate '11111111-1111-aaaa-1111-111111111111' for patient '9a8b138a666f84da32e9383b49a15f46f6e08d2c492352aa0dfcc3f993773b0d' but certificate does not exist
2019-02-18 15:15:31.447 INFO  [console,sEsSiOnShAsHsEsSiOnShAsHsEsSiOnS,tRaCeId1] --- .w.i.SendMedicalCertificateResponderImpl : Tried to send certificate '11111111-1111-aaaa-1111-111111111111' for patient '9a8b138a666f84da32e9383b49a15f46f6e08d2c492352aa0dfcc3f993773b0d' but certificate does not exist
INFO 2/18/19 4:41 PM: liquibase: Reading from intygstjanst.DATABASECHANGELOG
INFO 2/18/19 4:41 PM: liquibase: Successfully released change log lock
INFO: Created JedisPool to master at 127.0.0.1:6379
Feb 18, 2019 4:42:09 PM redis.clients.jedis.JedisSentinelPool initPool
2019-02-18 16:42:10,686 [main] INFO  org.apache.coyote.http11.Http11AprProtocol- Starting ProtocolHandler ["http-apr-8080"]
2019-02-18 16:42:10,691 [main] INFO  org.apache.catalina.startup.Catalina- Server startup in 56230 ms
2019-02-18 16:51:11,015 [http-apr-8080-exec-6] INFO  org.hibernate.hql.internal.QueryTranslatorFactoryInitiator- HHH000397: Using ASTQueryTranslatorFactory
Feb 18, 2019 5:41:56 PM com.sun.xml.internal.messaging.saaj.soap.ver1_1.Fault1_1Impl getFaultSubcodes
SEVERE: SAAJ0303: Operation getFaultSubcodes not supported by SOAP 1.1
2019-09-19 11:03:04.800 INFO  [monitoring,-,hLa1G0vY,noUser] --- s.i.i.i.w.s.MonitoringLogService : CERTIFICATE_RETRIEVED Certificate 'cc95565c-77ff-41c1-8f10-a3886cbf9a3d' with type 'lisjp', care unit 'TSTNMT2321000156-1077' - retrieved by part 'HSVARD'
2019-09-19 11:05:18.656 INFO  [monitoring,-,2ioq0tLQ,noUser] --- s.i.i.i.w.s.MonitoringLogService : CERTIFICATE_RETRIEVED Certificate 'cc95565c-77ff-41c1-8f10-a3886cbf9a3d' with type 'lisjp', care unit 'TSTNMT2321000156-1077' - retrieved by part 'INVANA'
2019-09-20 12:06:38.980 INFO  [monitoring,-,s6BnRRrh,noUser] --- s.i.i.i.w.s.MonitoringLogService : CERTIFICATE_RETRIEVED Certificate '7592babc-6f6b-4c07-b6fc-642db709301c' with type 'ts-diabetes', care unit 'TSTNMT2321000156-1077' - retrieved by part 'N/A'
2020-01-20 12:06:38.980 INFO  [monitoring,-,s6BnRRrh,noUser] --- s.i.i.i.w.s.MonitoringLogService : TEST_CERTIFICATE_ERASED Test certificate '790171b0-e08d-496c-9554-f27286fe0f23' on care unit 'TSTNMT2321000156-1077' was erased

