2016-10-14 09:29:22,873 [localhost-startStop-1] WARN  o.s.c.s.PropertySourcesPlaceholderConfigurer - Could not load properties from class path resource [default.test.properties]: class path resource [default.test.properties] cannot be opened because it does not exist
2016-10-14 09:30:37,531 [http-bio-8181-exec-6] WARN  s.i.i.m.w.w.s.VerifyConsentInterceptor - User: 416a6b845a3314138feda9649a016885b9c1cd16877dfa74abe3d2d5e6df9ba6 does not have consent
2016-10-14 09:30:59,012 [http-bio-8181-exec-2] WARN  s.i.i.m.w.w.s.VerifyConsentInterceptor - User: 416a6b845a3314138feda9649a016885b9c1cd16877dfa74abe3d2d5e6df9ba6 does not have consent
2016-10-14 09:32:02,619 [http-bio-8181-exec-8] WARN  s.i.i.m.w.w.s.BrowserClosedInterceptor - Browser closed and protected page revisited, user logged out
2016-10-14 09:34:02,417 [http-bio-8181-exec-5] WARN  s.i.i.m.w.w.s.VerifyConsentInterceptor - User: 9a8b138a666f84da32e9383b49a15f46f6e08d2c492352aa0dfcc3f993773b0d does not have consent
2016-10-14 09:34:12,719 [http-bio-8181-exec-14] WARN  s.i.i.m.w.w.s.VerifyConsentInterceptor - User: 9a8b138a666f84da32e9383b49a15f46f6e08d2c492352aa0dfcc3f993773b0d does not have consent
2016-10-14 10:02:52,345 [localhost-startStop-1] WARN  o.s.c.s.PropertySourcesPlaceholderConfigurer - Could not load properties from class path resource [default.test.properties]: class path resource [default.test.properties] cannot be opened because it does not exist
2016-10-14 10:03:24,086 [http-bio-8181-exec-9] ERROR s.i.i.m.w.w.s.CertificateServiceImpl - Failed to fetch cert list for user #416a6b845a3314138feda9649a016885b9c1cd16877dfa74abe3d2d5e6df9ba6 from Intygstj채nsten. WS call result is se.riv.clinicalprocess.healthcond.certificate.v2.ResultType@74f06ba8
2016-10-14 10:03:24,121 [http-bio-8181-exec-9] ERROR o.a.c.i.AbstractFaultChainInitiatorObserver - Error occurred during error handling, give up!
org.apache.cxf.interceptor.Fault: Failed to invoke internal web service. Result of call is NOCONSENT, errorId: .
	at org.apache.cxf.service.invoker.AbstractInvoker.createFault(AbstractInvoker.java:162) ~[cxf-core-3.1.3.jar:3.1.3]
	at org.apache.cxf.service.invoker.AbstractInvoker.invoke(AbstractInvoker.java:128) ~[cxf-core-3.1.3.jar:3.1.3]
	at org.apache.cxf.jaxrs.JAXRSInvoker.invoke(JAXRSInvoker.java:200) ~[cxf-rt-frontend-jaxrs-3.1.3.jar:3.1.3]
	at se.inera.intyg.minaintyg.web.web.security.VerifyConsentJAXRSInvoker.invoke(VerifyConsentJAXRSInvoker.java:110) ~[VerifyConsentJAXRSInvoker.class:na]
	at org.apache.cxf.jaxrs.JAXRSInvoker.invoke(JAXRSInvoker.java:99) ~[cxf-rt-frontend-jaxrs-3.1.3.jar:3.1.3]
	at org.apache.cxf.interceptor.ServiceInvokerInterceptor$1.run(ServiceInvokerInterceptor.java:59) ~[cxf-core-3.1.3.jar:3.1.3]
	at org.apache.cxf.interceptor.ServiceInvokerInterceptor.handleMessage(ServiceInvokerInterceptor.java:96) ~[cxf-core-3.1.3.jar:3.1.3]
	at org.apache.cxf.phase.PhaseInterceptorChain.doIntercept(PhaseInterceptorChain.java:308) ~[cxf-core-3.1.3.jar:3.1.3]
	at org.apache.cxf.transport.ChainInitiationObserver.onMessage(ChainInitiationObserver.java:121) [cxf-core-3.1.3.jar:3.1.3]
	at org.apache.cxf.transport.http.AbstractHTTPDestination.invoke(AbstractHTTPDestination.java:251) [cxf-rt-transports-http-3.1.3.jar:3.1.3]
	at org.apache.cxf.transport.servlet.ServletController.invokeDestination(ServletController.java:234) [cxf-rt-transports-http-3.1.3.jar:3.1.3]
	at org.apache.cxf.transport.servlet.ServletController.invoke(ServletController.java:208) [cxf-rt-transports-http-3.1.3.jar:3.1.3]
	at org.apache.cxf.transport.servlet.ServletController.invoke(ServletController.java:160) [cxf-rt-transports-http-3.1.3.jar:3.1.3]
	at org.apache.cxf.transport.servlet.CXFNonSpringServlet.invoke(CXFNonSpringServlet.java:171) [cxf-rt-transports-http-3.1.3.jar:3.1.3]
	at org.apache.cxf.transport.servlet.AbstractHTTPServlet.handleRequest(AbstractHTTPServlet.java:293) [cxf-rt-transports-http-3.1.3.jar:3.1.3]
	at org.apache.cxf.transport.servlet.AbstractHTTPServlet.doPut(AbstractHTTPServlet.java:229) [cxf-rt-transports-http-3.1.3.jar:3.1.3]
	at javax.servlet.http.HttpServlet.service(HttpServlet.java:649) [servlet-api.jar:na]
	at org.apache.cxf.transport.servlet.AbstractHTTPServlet.service(AbstractHTTPServlet.java:268) [cxf-rt-transports-http-3.1.3.jar:3.1.3]
	at org.apache.catalina.core.ApplicationFilterChain.internalDoFilter(ApplicationFilterChain.java:303) [catalina.jar:7.0.57]
	at org.apache.catalina.core.ApplicationFilterChain.doFilter(ApplicationFilterChain.java:208) [catalina.jar:7.0.57]
	at org.apache.tomcat.websocket.server.WsFilter.doFilter(WsFilter.java:52) [tomcat7-websocket.jar:7.0.57]
	at org.apache.catalina.core.ApplicationFilterChain.internalDoFilter(ApplicationFilterChain.java:241) [catalina.jar:7.0.57]
	at org.apache.catalina.core.ApplicationFilterChain.doFilter(ApplicationFilterChain.java:208) [catalina.jar:7.0.57]
	at org.springframework.security.web.FilterChainProxy$VirtualFilterChain.doFilter(FilterChainProxy.java:316) [spring-security-web-4.0.3.RELEASE.jar:4.0.3.RELEASE]
	at org.springframework.security.web.access.intercept.FilterSecurityInterceptor.invoke(FilterSecurityInterceptor.java:126) [spring-security-web-4.0.3.RELEASE.jar:4.0.3.RELEASE]
	at org.springframework.security.web.access.intercept.FilterSecurityInterceptor.doFilter(FilterSecurityInterceptor.java:90) [spring-security-web-4.0.3.RELEASE.jar:4.0.3.RELEASE]
	at org.springframework.security.web.FilterChainProxy$VirtualFilterChain.doFilter(FilterChainProxy.java:330) [spring-security-web-4.0.3.RELEASE.jar:4.0.3.RELEASE]
	at org.springframework.security.web.access.ExceptionTranslationFilter.doFilter(ExceptionTranslationFilter.java:114) [spring-security-web-4.0.3.RELEASE.jar:4.0.3.RELEASE]
	at org.springframework.security.web.FilterChainProxy$VirtualFilterChain.doFilter(FilterChainProxy.java:330) [spring-security-web-4.0.3.RELEASE.jar:4.0.3.RELEASE]
	at org.springframework.security.web.session.SessionManagementFilter.doFilter(SessionManagementFilter.java:122) [spring-security-web-4.0.3.RELEASE.jar:4.0.3.RELEASE]
	at org.springframework.security.web.FilterChainProxy$VirtualFilterChain.doFilter(FilterChainProxy.java:330) [spring-security-web-4.0.3.RELEASE.jar:4.0.3.RELEASE]
	at org.springframework.security.web.authentication.AnonymousAuthenticationFilter.doFilter(AnonymousAuthenticationFilter.java:111) [spring-security-web-4.0.3.RELEASE.jar:4.0.3.RELEASE]
	at org.springframework.security.web.FilterChainProxy$VirtualFilterChain.doFilter(FilterChainProxy.java:330) [spring-security-web-4.0.3.RELEASE.jar:4.0.3.RELEASE]
	at org.springframework.security.web.servletapi.SecurityContextHolderAwareRequestFilter.doFilter(SecurityContextHolderAwareRequestFilter.java:169) [spring-security-web-4.0.3.RELEASE.jar:4.0.3.RELEASE]
	at org.springframework.security.web.FilterChainProxy$VirtualFilterChain.doFilter(FilterChainProxy.java:330) [spring-security-web-4.0.3.RELEASE.jar:4.0.3.RELEASE]
	at org.springframework.security.web.savedrequest.RequestCacheAwareFilter.doFilter(RequestCacheAwareFilter.java:48) [spring-security-web-4.0.3.RELEASE.jar:4.0.3.RELEASE]
	at org.springframework.security.web.FilterChainProxy$VirtualFilterChain.doFilter(FilterChainProxy.java:330) [spring-security-web-4.0.3.RELEASE.jar:4.0.3.RELEASE]
	at org.springframework.security.web.header.HeaderWriterFilter.doFilterInternal(HeaderWriterFilter.java:64) [spring-security-web-4.0.3.RELEASE.jar:4.0.3.RELEASE]
	at org.springframework.web.filter.OncePerRequestFilter.doFilter(OncePerRequestFilter.java:107) [spring-web-4.2.2.RELEASE.jar:4.2.2.RELEASE]
	at org.springframework.security.web.FilterChainProxy$VirtualFilterChain.doFilter(FilterChainProxy.java:330) [spring-security-web-4.0.3.RELEASE.jar:4.0.3.RELEASE]
	at org.springframework.security.web.context.request.async.WebAsyncManagerIntegrationFilter.doFilterInternal(WebAsyncManagerIntegrationFilter.java:53) [spring-security-web-4.0.3.RELEASE.jar:4.0.3.RELEASE]
	at org.springframework.web.filter.OncePerRequestFilter.doFilter(OncePerRequestFilter.java:107) [spring-web-4.2.2.RELEASE.jar:4.2.2.RELEASE]
	at org.springframework.security.web.FilterChainProxy$VirtualFilterChain.doFilter(FilterChainProxy.java:330) [spring-security-web-4.0.3.RELEASE.jar:4.0.3.RELEASE]
	at org.springframework.security.web.context.SecurityContextPersistenceFilter.doFilter(SecurityContextPersistenceFilter.java:91) [spring-security-web-4.0.3.RELEASE.jar:4.0.3.RELEASE]
	at org.springframework.security.web.FilterChainProxy$VirtualFilterChain.doFilter(FilterChainProxy.java:330) [spring-security-web-4.0.3.RELEASE.jar:4.0.3.RELEASE]
	at org.springframework.security.web.FilterChainProxy.doFilterInternal(FilterChainProxy.java:213) [spring-security-web-4.0.3.RELEASE.jar:4.0.3.RELEASE]
	at org.springframework.security.web.FilterChainProxy.doFilter(FilterChainProxy.java:176) [spring-security-web-4.0.3.RELEASE.jar:4.0.3.RELEASE]
	at org.springframework.web.filter.DelegatingFilterProxy.invokeDelegate(DelegatingFilterProxy.java:346) [spring-web-4.2.2.RELEASE.jar:4.2.2.RELEASE]
	at org.springframework.web.filter.DelegatingFilterProxy.doFilter(DelegatingFilterProxy.java:262) [spring-web-4.2.2.RELEASE.jar:4.2.2.RELEASE]
	at org.apache.catalina.core.ApplicationFilterChain.internalDoFilter(ApplicationFilterChain.java:241) [catalina.jar:7.0.57]
	at org.apache.catalina.core.ApplicationFilterChain.doFilter(ApplicationFilterChain.java:208) [catalina.jar:7.0.57]
	at org.apache.catalina.core.StandardWrapperValve.invoke(StandardWrapperValve.java:220) [catalina.jar:7.0.57]
	at org.apache.catalina.core.StandardContextValve.invoke(StandardContextValve.java:122) [catalina.jar:7.0.57]
	at org.apache.catalina.authenticator.AuthenticatorBase.invoke(AuthenticatorBase.java:503) [catalina.jar:7.0.57]
	at org.apache.catalina.core.StandardHostValve.invoke(StandardHostValve.java:170) [catalina.jar:7.0.57]
	at org.apache.catalina.valves.ErrorReportValve.invoke(ErrorReportValve.java:103) [catalina.jar:7.0.57]
	at org.apache.catalina.valves.AccessLogValve.invoke(AccessLogValve.java:950) [catalina.jar:7.0.57]
	at org.apache.catalina.core.StandardEngineValve.invoke(StandardEngineValve.java:116) [catalina.jar:7.0.57]
	at org.apache.catalina.connector.CoyoteAdapter.service(CoyoteAdapter.java:421) [catalina.jar:7.0.57]
	at org.apache.coyote.http11.AbstractHttp11Processor.process(AbstractHttp11Processor.java:1070) [tomcat-coyote.jar:7.0.57]
	at org.apache.coyote.AbstractProtocol$AbstractConnectionHandler.process(AbstractProtocol.java:611) [tomcat-coyote.jar:7.0.57]
	at org.apache.tomcat.util.net.JIoEndpoint$SocketProcessor.run(JIoEndpoint.java:316) [tomcat-coyote.jar:7.0.57]
	at java.util.concurrent.ThreadPoolExecutor.runWorker(ThreadPoolExecutor.java:1142) [na:1.8.0_65]
	at java.util.concurrent.ThreadPoolExecutor$Worker.run(ThreadPoolExecutor.java:617) [na:1.8.0_65]
	at org.apache.tomcat.util.threads.TaskThread$WrappingRunnable.run(TaskThread.java:61) [tomcat-coyote.jar:7.0.57]
	at java.lang.Thread.run(Thread.java:745) [na:1.8.0_65]
Caused by: se.inera.intyg.minaintyg.web.exception.ExternalWebServiceCallFailedException: Failed to invoke internal web service. Result of call is NOCONSENT, errorId: .
	at se.inera.intyg.minaintyg.web.web.service.CertificateServiceImpl.getCertificates(CertificateServiceImpl.java:155) ~[CertificateServiceImpl.class:na]
	at se.inera.intyg.minaintyg.web.web.service.CertificateServiceImpl.setCertificateState(CertificateServiceImpl.java:218) ~[CertificateServiceImpl.class:na]
	at se.inera.intyg.minaintyg.web.web.service.CertificateServiceImpl.archiveCertificate(CertificateServiceImpl.java:186) ~[CertificateServiceImpl.class:na]
	at se.inera.intyg.minaintyg.web.web.controller.api.ApiController.archive(ApiController.java:92) ~[ApiController.class:na]
	at sun.reflect.NativeMethodAccessorImpl.invoke0(Native Method) ~[na:1.8.0_65]
	at sun.reflect.NativeMethodAccessorImpl.invoke(NativeMethodAccessorImpl.java:62) ~[na:1.8.0_65]
	at sun.reflect.DelegatingMethodAccessorImpl.invoke(DelegatingMethodAccessorImpl.java:43) ~[na:1.8.0_65]
	at java.lang.reflect.Method.invoke(Method.java:497) ~[na:1.8.0_65]
	at org.apache.cxf.service.invoker.AbstractInvoker.performInvocation(AbstractInvoker.java:180) ~[cxf-core-3.1.3.jar:3.1.3]
	at org.apache.cxf.service.invoker.AbstractInvoker.invoke(AbstractInvoker.java:96) ~[cxf-core-3.1.3.jar:3.1.3]
	... 64 common frames omitted
2016-10-14 10:03:26,308 [http-bio-8181-exec-14] ERROR s.i.i.m.w.w.s.CertificateServiceImpl - Failed to fetch cert list for user #416a6b845a3314138feda9649a016885b9c1cd16877dfa74abe3d2d5e6df9ba6 from Intygstj채nsten. WS call result is se.riv.clinicalprocess.healthcond.certificate.v2.ResultType@44c126e4
2016-10-14 10:03:26,319 [http-bio-8181-exec-14] ERROR o.a.c.i.AbstractFaultChainInitiatorObserver - Error occurred during error handling, give up!
org.apache.cxf.interceptor.Fault: Failed to invoke internal web service. Result of call is NOCONSENT, errorId: .
	at org.apache.cxf.service.invoker.AbstractInvoker.createFault(AbstractInvoker.java:162) ~[cxf-core-3.1.3.jar:3.1.3]
	at org.apache.cxf.service.invoker.AbstractInvoker.invoke(AbstractInvoker.java:128) ~[cxf-core-3.1.3.jar:3.1.3]
	at org.apache.cxf.jaxrs.JAXRSInvoker.invoke(JAXRSInvoker.java:200) ~[cxf-rt-frontend-jaxrs-3.1.3.jar:3.1.3]
	at se.inera.intyg.minaintyg.web.web.security.VerifyConsentJAXRSInvoker.invoke(VerifyConsentJAXRSInvoker.java:110) ~[VerifyConsentJAXRSInvoker.class:na]
	at org.apache.cxf.jaxrs.JAXRSInvoker.invoke(JAXRSInvoker.java:99) ~[cxf-rt-frontend-jaxrs-3.1.3.jar:3.1.3]
	at org.apache.cxf.interceptor.ServiceInvokerInterceptor$1.run(ServiceInvokerInterceptor.java:59) ~[cxf-core-3.1.3.jar:3.1.3]
	at org.apache.cxf.interceptor.ServiceInvokerInterceptor.handleMessage(ServiceInvokerInterceptor.java:96) ~[cxf-core-3.1.3.jar:3.1.3]
	at org.apache.cxf.phase.PhaseInterceptorChain.doIntercept(PhaseInterceptorChain.java:308) ~[cxf-core-3.1.3.jar:3.1.3]
	at org.apache.cxf.transport.ChainInitiationObserver.onMessage(ChainInitiationObserver.java:121) [cxf-core-3.1.3.jar:3.1.3]
	at org.apache.cxf.transport.http.AbstractHTTPDestination.invoke(AbstractHTTPDestination.java:251) [cxf-rt-transports-http-3.1.3.jar:3.1.3]
	at org.apache.cxf.transport.servlet.ServletController.invokeDestination(ServletController.java:234) [cxf-rt-transports-http-3.1.3.jar:3.1.3]
	at org.apache.cxf.transport.servlet.ServletController.invoke(ServletController.java:208) [cxf-rt-transports-http-3.1.3.jar:3.1.3]
	at org.apache.cxf.transport.servlet.ServletController.invoke(ServletController.java:160) [cxf-rt-transports-http-3.1.3.jar:3.1.3]
	at org.apache.cxf.transport.servlet.CXFNonSpringServlet.invoke(CXFNonSpringServlet.java:171) [cxf-rt-transports-http-3.1.3.jar:3.1.3]
	at org.apache.cxf.transport.servlet.AbstractHTTPServlet.handleRequest(AbstractHTTPServlet.java:293) [cxf-rt-transports-http-3.1.3.jar:3.1.3]
	at org.apache.cxf.transport.servlet.AbstractHTTPServlet.doGet(AbstractHTTPServlet.java:217) [cxf-rt-transports-http-3.1.3.jar:3.1.3]
	at javax.servlet.http.HttpServlet.service(HttpServlet.java:620) [servlet-api.jar:na]
	at org.apache.cxf.transport.servlet.AbstractHTTPServlet.service(AbstractHTTPServlet.java:268) [cxf-rt-transports-http-3.1.3.jar:3.1.3]
	at org.apache.catalina.core.ApplicationFilterChain.internalDoFilter(ApplicationFilterChain.java:303) [catalina.jar:7.0.57]
	at org.apache.catalina.core.ApplicationFilterChain.doFilter(ApplicationFilterChain.java:208) [catalina.jar:7.0.57]
	at org.apache.tomcat.websocket.server.WsFilter.doFilter(WsFilter.java:52) [tomcat7-websocket.jar:7.0.57]
	at org.apache.catalina.core.ApplicationFilterChain.internalDoFilter(ApplicationFilterChain.java:241) [catalina.jar:7.0.57]
	at org.apache.catalina.core.ApplicationFilterChain.doFilter(ApplicationFilterChain.java:208) [catalina.jar:7.0.57]
	at org.springframework.security.web.FilterChainProxy$VirtualFilterChain.doFilter(FilterChainProxy.java:316) [spring-security-web-4.0.3.RELEASE.jar:4.0.3.RELEASE]
	at org.springframework.security.web.access.intercept.FilterSecurityInterceptor.invoke(FilterSecurityInterceptor.java:126) [spring-security-web-4.0.3.RELEASE.jar:4.0.3.RELEASE]
	at org.springframework.security.web.access.intercept.FilterSecurityInterceptor.doFilter(FilterSecurityInterceptor.java:90) [spring-security-web-4.0.3.RELEASE.jar:4.0.3.RELEASE]
	at org.springframework.security.web.FilterChainProxy$VirtualFilterChain.doFilter(FilterChainProxy.java:330) [spring-security-web-4.0.3.RELEASE.jar:4.0.3.RELEASE]
	at org.springframework.security.web.access.ExceptionTranslationFilter.doFilter(ExceptionTranslationFilter.java:114) [spring-security-web-4.0.3.RELEASE.jar:4.0.3.RELEASE]
	at org.springframework.security.web.FilterChainProxy$VirtualFilterChain.doFilter(FilterChainProxy.java:330) [spring-security-web-4.0.3.RELEASE.jar:4.0.3.RELEASE]
	at org.springframework.security.web.session.SessionManagementFilter.doFilter(SessionManagementFilter.java:122) [spring-security-web-4.0.3.RELEASE.jar:4.0.3.RELEASE]
	at org.springframework.security.web.FilterChainProxy$VirtualFilterChain.doFilter(FilterChainProxy.java:330) [spring-security-web-4.0.3.RELEASE.jar:4.0.3.RELEASE]
	at org.springframework.security.web.authentication.AnonymousAuthenticationFilter.doFilter(AnonymousAuthenticationFilter.java:111) [spring-security-web-4.0.3.RELEASE.jar:4.0.3.RELEASE]
	at org.springframework.security.web.FilterChainProxy$VirtualFilterChain.doFilter(FilterChainProxy.java:330) [spring-security-web-4.0.3.RELEASE.jar:4.0.3.RELEASE]
	at org.springframework.security.web.servletapi.SecurityContextHolderAwareRequestFilter.doFilter(SecurityContextHolderAwareRequestFilter.java:169) [spring-security-web-4.0.3.RELEASE.jar:4.0.3.RELEASE]
	at org.springframework.security.web.FilterChainProxy$VirtualFilterChain.doFilter(FilterChainProxy.java:330) [spring-security-web-4.0.3.RELEASE.jar:4.0.3.RELEASE]
	at org.springframework.security.web.savedrequest.RequestCacheAwareFilter.doFilter(RequestCacheAwareFilter.java:48) [spring-security-web-4.0.3.RELEASE.jar:4.0.3.RELEASE]
	at org.springframework.security.web.FilterChainProxy$VirtualFilterChain.doFilter(FilterChainProxy.java:330) [spring-security-web-4.0.3.RELEASE.jar:4.0.3.RELEASE]
	at org.springframework.security.web.header.HeaderWriterFilter.doFilterInternal(HeaderWriterFilter.java:64) [spring-security-web-4.0.3.RELEASE.jar:4.0.3.RELEASE]
	at org.springframework.web.filter.OncePerRequestFilter.doFilter(OncePerRequestFilter.java:107) [spring-web-4.2.2.RELEASE.jar:4.2.2.RELEASE]
	at org.springframework.security.web.FilterChainProxy$VirtualFilterChain.doFilter(FilterChainProxy.java:330) [spring-security-web-4.0.3.RELEASE.jar:4.0.3.RELEASE]
	at org.springframework.security.web.context.request.async.WebAsyncManagerIntegrationFilter.doFilterInternal(WebAsyncManagerIntegrationFilter.java:53) [spring-security-web-4.0.3.RELEASE.jar:4.0.3.RELEASE]
	at org.springframework.web.filter.OncePerRequestFilter.doFilter(OncePerRequestFilter.java:107) [spring-web-4.2.2.RELEASE.jar:4.2.2.RELEASE]
	at org.springframework.security.web.FilterChainProxy$VirtualFilterChain.doFilter(FilterChainProxy.java:330) [spring-security-web-4.0.3.RELEASE.jar:4.0.3.RELEASE]
	at org.springframework.security.web.context.SecurityContextPersistenceFilter.doFilter(SecurityContextPersistenceFilter.java:91) [spring-security-web-4.0.3.RELEASE.jar:4.0.3.RELEASE]
	at org.springframework.security.web.FilterChainProxy$VirtualFilterChain.doFilter(FilterChainProxy.java:330) [spring-security-web-4.0.3.RELEASE.jar:4.0.3.RELEASE]
	at org.springframework.security.web.FilterChainProxy.doFilterInternal(FilterChainProxy.java:213) [spring-security-web-4.0.3.RELEASE.jar:4.0.3.RELEASE]
	at org.springframework.security.web.FilterChainProxy.doFilter(FilterChainProxy.java:176) [spring-security-web-4.0.3.RELEASE.jar:4.0.3.RELEASE]
	at org.springframework.web.filter.DelegatingFilterProxy.invokeDelegate(DelegatingFilterProxy.java:346) [spring-web-4.2.2.RELEASE.jar:4.2.2.RELEASE]
	at org.springframework.web.filter.DelegatingFilterProxy.doFilter(DelegatingFilterProxy.java:262) [spring-web-4.2.2.RELEASE.jar:4.2.2.RELEASE]
	at org.apache.catalina.core.ApplicationFilterChain.internalDoFilter(ApplicationFilterChain.java:241) [catalina.jar:7.0.57]
	at org.apache.catalina.core.ApplicationFilterChain.doFilter(ApplicationFilterChain.java:208) [catalina.jar:7.0.57]
	at org.apache.catalina.core.StandardWrapperValve.invoke(StandardWrapperValve.java:220) [catalina.jar:7.0.57]
	at org.apache.catalina.core.StandardContextValve.invoke(StandardContextValve.java:122) [catalina.jar:7.0.57]
	at org.apache.catalina.authenticator.AuthenticatorBase.invoke(AuthenticatorBase.java:503) [catalina.jar:7.0.57]
	at org.apache.catalina.core.StandardHostValve.invoke(StandardHostValve.java:170) [catalina.jar:7.0.57]
	at org.apache.catalina.valves.ErrorReportValve.invoke(ErrorReportValve.java:103) [catalina.jar:7.0.57]
	at org.apache.catalina.valves.AccessLogValve.invoke(AccessLogValve.java:950) [catalina.jar:7.0.57]
	at org.apache.catalina.core.StandardEngineValve.invoke(StandardEngineValve.java:116) [catalina.jar:7.0.57]
	at org.apache.catalina.connector.CoyoteAdapter.service(CoyoteAdapter.java:421) [catalina.jar:7.0.57]
	at org.apache.coyote.http11.AbstractHttp11Processor.process(AbstractHttp11Processor.java:1070) [tomcat-coyote.jar:7.0.57]
	at org.apache.coyote.AbstractProtocol$AbstractConnectionHandler.process(AbstractProtocol.java:611) [tomcat-coyote.jar:7.0.57]
	at org.apache.tomcat.util.net.JIoEndpoint$SocketProcessor.run(JIoEndpoint.java:316) [tomcat-coyote.jar:7.0.57]
	at java.util.concurrent.ThreadPoolExecutor.runWorker(ThreadPoolExecutor.java:1142) [na:1.8.0_65]
	at java.util.concurrent.ThreadPoolExecutor$Worker.run(ThreadPoolExecutor.java:617) [na:1.8.0_65]
	at org.apache.tomcat.util.threads.TaskThread$WrappingRunnable.run(TaskThread.java:61) [tomcat-coyote.jar:7.0.57]
	at java.lang.Thread.run(Thread.java:745) [na:1.8.0_65]
Caused by: se.inera.intyg.minaintyg.web.exception.ExternalWebServiceCallFailedException: Failed to invoke internal web service. Result of call is NOCONSENT, errorId: .
	at se.inera.intyg.minaintyg.web.web.service.CertificateServiceImpl.getCertificates(CertificateServiceImpl.java:155) ~[CertificateServiceImpl.class:na]
	at se.inera.intyg.minaintyg.web.web.controller.api.ApiController.listArchivedCertificates(ApiController.java:75) ~[ApiController.class:na]
	at sun.reflect.NativeMethodAccessorImpl.invoke0(Native Method) ~[na:1.8.0_65]
	at sun.reflect.NativeMethodAccessorImpl.invoke(NativeMethodAccessorImpl.java:62) ~[na:1.8.0_65]
	at sun.reflect.DelegatingMethodAccessorImpl.invoke(DelegatingMethodAccessorImpl.java:43) ~[na:1.8.0_65]
	at java.lang.reflect.Method.invoke(Method.java:497) ~[na:1.8.0_65]
	at org.apache.cxf.service.invoker.AbstractInvoker.performInvocation(AbstractInvoker.java:180) ~[cxf-core-3.1.3.jar:3.1.3]
	at org.apache.cxf.service.invoker.AbstractInvoker.invoke(AbstractInvoker.java:96) ~[cxf-core-3.1.3.jar:3.1.3]
	... 64 common frames omitted
2016-10-14 10:04:18,639 [http-bio-8181-exec-12] WARN  s.i.i.m.w.w.s.VerifyConsentInterceptor - User: 416a6b845a3314138feda9649a016885b9c1cd16877dfa74abe3d2d5e6df9ba6 does not have consent
2016-10-14 10:04:41,987 [http-bio-8181-exec-12] WARN  s.i.i.m.w.w.s.VerifyConsentInterceptor - User: 416a6b845a3314138feda9649a016885b9c1cd16877dfa74abe3d2d5e6df9ba6 does not have consent
2016-10-14 10:05:44,419 [http-bio-8181-exec-12] WARN  s.i.i.m.w.w.s.BrowserClosedInterceptor - Browser closed and protected page revisited, user logged out
2016-10-14 10:25:00,274 [localhost-startStop-1] WARN  o.s.c.s.PropertySourcesPlaceholderConfigurer - Could not load properties from class path resource [default.test.properties]: class path resource [default.test.properties] cannot be opened because it does not exist
2016-10-14 10:25:50,924 [http-bio-8181-exec-11] ERROR s.i.i.m.w.w.s.CertificateServiceImpl - Failed to fetch cert list for user #416a6b845a3314138feda9649a016885b9c1cd16877dfa74abe3d2d5e6df9ba6 from Intygstj채nsten. WS call result is se.riv.clinicalprocess.healthcond.certificate.v2.ResultType@712e148
2016-10-14 10:25:50,955 [http-bio-8181-exec-11] ERROR o.a.c.i.AbstractFaultChainInitiatorObserver - Error occurred during error handling, give up!
org.apache.cxf.interceptor.Fault: Failed to invoke internal web service. Result of call is NOCONSENT, errorId: .
	at org.apache.cxf.service.invoker.AbstractInvoker.createFault(AbstractInvoker.java:162) ~[cxf-core-3.1.3.jar:3.1.3]
	at org.apache.cxf.service.invoker.AbstractInvoker.invoke(AbstractInvoker.java:128) ~[cxf-core-3.1.3.jar:3.1.3]
	at org.apache.cxf.jaxrs.JAXRSInvoker.invoke(JAXRSInvoker.java:200) ~[cxf-rt-frontend-jaxrs-3.1.3.jar:3.1.3]
	at se.inera.intyg.minaintyg.web.web.security.VerifyConsentJAXRSInvoker.invoke(VerifyConsentJAXRSInvoker.java:110) ~[VerifyConsentJAXRSInvoker.class:na]
	at org.apache.cxf.jaxrs.JAXRSInvoker.invoke(JAXRSInvoker.java:99) ~[cxf-rt-frontend-jaxrs-3.1.3.jar:3.1.3]
	at org.apache.cxf.interceptor.ServiceInvokerInterceptor$1.run(ServiceInvokerInterceptor.java:59) ~[cxf-core-3.1.3.jar:3.1.3]
	at org.apache.cxf.interceptor.ServiceInvokerInterceptor.handleMessage(ServiceInvokerInterceptor.java:96) ~[cxf-core-3.1.3.jar:3.1.3]
	at org.apache.cxf.phase.PhaseInterceptorChain.doIntercept(PhaseInterceptorChain.java:308) ~[cxf-core-3.1.3.jar:3.1.3]
	at org.apache.cxf.transport.ChainInitiationObserver.onMessage(ChainInitiationObserver.java:121) [cxf-core-3.1.3.jar:3.1.3]
	at org.apache.cxf.transport.http.AbstractHTTPDestination.invoke(AbstractHTTPDestination.java:251) [cxf-rt-transports-http-3.1.3.jar:3.1.3]
	at org.apache.cxf.transport.servlet.ServletController.invokeDestination(ServletController.java:234) [cxf-rt-transports-http-3.1.3.jar:3.1.3]
	at org.apache.cxf.transport.servlet.ServletController.invoke(ServletController.java:208) [cxf-rt-transports-http-3.1.3.jar:3.1.3]
	at org.apache.cxf.transport.servlet.ServletController.invoke(ServletController.java:160) [cxf-rt-transports-http-3.1.3.jar:3.1.3]
	at org.apache.cxf.transport.servlet.CXFNonSpringServlet.invoke(CXFNonSpringServlet.java:171) [cxf-rt-transports-http-3.1.3.jar:3.1.3]
	at org.apache.cxf.transport.servlet.AbstractHTTPServlet.handleRequest(AbstractHTTPServlet.java:293) [cxf-rt-transports-http-3.1.3.jar:3.1.3]
	at org.apache.cxf.transport.servlet.AbstractHTTPServlet.doPut(AbstractHTTPServlet.java:229) [cxf-rt-transports-http-3.1.3.jar:3.1.3]
	at javax.servlet.http.HttpServlet.service(HttpServlet.java:649) [servlet-api.jar:na]
	at org.apache.cxf.transport.servlet.AbstractHTTPServlet.service(AbstractHTTPServlet.java:268) [cxf-rt-transports-http-3.1.3.jar:3.1.3]
	at org.apache.catalina.core.ApplicationFilterChain.internalDoFilter(ApplicationFilterChain.java:303) [catalina.jar:7.0.57]
	at org.apache.catalina.core.ApplicationFilterChain.doFilter(ApplicationFilterChain.java:208) [catalina.jar:7.0.57]
	at org.apache.tomcat.websocket.server.WsFilter.doFilter(WsFilter.java:52) [tomcat7-websocket.jar:7.0.57]
	at org.apache.catalina.core.ApplicationFilterChain.internalDoFilter(ApplicationFilterChain.java:241) [catalina.jar:7.0.57]
	at org.apache.catalina.core.ApplicationFilterChain.doFilter(ApplicationFilterChain.java:208) [catalina.jar:7.0.57]
	at org.springframework.security.web.FilterChainProxy$VirtualFilterChain.doFilter(FilterChainProxy.java:316) [spring-security-web-4.0.3.RELEASE.jar:4.0.3.RELEASE]
	at org.springframework.security.web.access.intercept.FilterSecurityInterceptor.invoke(FilterSecurityInterceptor.java:126) [spring-security-web-4.0.3.RELEASE.jar:4.0.3.RELEASE]
	at org.springframework.security.web.access.intercept.FilterSecurityInterceptor.doFilter(FilterSecurityInterceptor.java:90) [spring-security-web-4.0.3.RELEASE.jar:4.0.3.RELEASE]
	at org.springframework.security.web.FilterChainProxy$VirtualFilterChain.doFilter(FilterChainProxy.java:330) [spring-security-web-4.0.3.RELEASE.jar:4.0.3.RELEASE]
	at org.springframework.security.web.access.ExceptionTranslationFilter.doFilter(ExceptionTranslationFilter.java:114) [spring-security-web-4.0.3.RELEASE.jar:4.0.3.RELEASE]
	at org.springframework.security.web.FilterChainProxy$VirtualFilterChain.doFilter(FilterChainProxy.java:330) [spring-security-web-4.0.3.RELEASE.jar:4.0.3.RELEASE]
	at org.springframework.security.web.session.SessionManagementFilter.doFilter(SessionManagementFilter.java:122) [spring-security-web-4.0.3.RELEASE.jar:4.0.3.RELEASE]
	at org.springframework.security.web.FilterChainProxy$VirtualFilterChain.doFilter(FilterChainProxy.java:330) [spring-security-web-4.0.3.RELEASE.jar:4.0.3.RELEASE]
	at org.springframework.security.web.authentication.AnonymousAuthenticationFilter.doFilter(AnonymousAuthenticationFilter.java:111) [spring-security-web-4.0.3.RELEASE.jar:4.0.3.RELEASE]
	at org.springframework.security.web.FilterChainProxy$VirtualFilterChain.doFilter(FilterChainProxy.java:330) [spring-security-web-4.0.3.RELEASE.jar:4.0.3.RELEASE]
	at org.springframework.security.web.servletapi.SecurityContextHolderAwareRequestFilter.doFilter(SecurityContextHolderAwareRequestFilter.java:169) [spring-security-web-4.0.3.RELEASE.jar:4.0.3.RELEASE]
	at org.springframework.security.web.FilterChainProxy$VirtualFilterChain.doFilter(FilterChainProxy.java:330) [spring-security-web-4.0.3.RELEASE.jar:4.0.3.RELEASE]
	at org.springframework.security.web.savedrequest.RequestCacheAwareFilter.doFilter(RequestCacheAwareFilter.java:48) [spring-security-web-4.0.3.RELEASE.jar:4.0.3.RELEASE]
	at org.springframework.security.web.FilterChainProxy$VirtualFilterChain.doFilter(FilterChainProxy.java:330) [spring-security-web-4.0.3.RELEASE.jar:4.0.3.RELEASE]
	at org.springframework.security.web.header.HeaderWriterFilter.doFilterInternal(HeaderWriterFilter.java:64) [spring-security-web-4.0.3.RELEASE.jar:4.0.3.RELEASE]
	at org.springframework.web.filter.OncePerRequestFilter.doFilter(OncePerRequestFilter.java:107) [spring-web-4.2.2.RELEASE.jar:4.2.2.RELEASE]
	at org.springframework.security.web.FilterChainProxy$VirtualFilterChain.doFilter(FilterChainProxy.java:330) [spring-security-web-4.0.3.RELEASE.jar:4.0.3.RELEASE]
	at org.springframework.security.web.context.request.async.WebAsyncManagerIntegrationFilter.doFilterInternal(WebAsyncManagerIntegrationFilter.java:53) [spring-security-web-4.0.3.RELEASE.jar:4.0.3.RELEASE]
	at org.springframework.web.filter.OncePerRequestFilter.doFilter(OncePerRequestFilter.java:107) [spring-web-4.2.2.RELEASE.jar:4.2.2.RELEASE]
	at org.springframework.security.web.FilterChainProxy$VirtualFilterChain.doFilter(FilterChainProxy.java:330) [spring-security-web-4.0.3.RELEASE.jar:4.0.3.RELEASE]
	at org.springframework.security.web.context.SecurityContextPersistenceFilter.doFilter(SecurityContextPersistenceFilter.java:91) [spring-security-web-4.0.3.RELEASE.jar:4.0.3.RELEASE]
	at org.springframework.security.web.FilterChainProxy$VirtualFilterChain.doFilter(FilterChainProxy.java:330) [spring-security-web-4.0.3.RELEASE.jar:4.0.3.RELEASE]
	at org.springframework.security.web.FilterChainProxy.doFilterInternal(FilterChainProxy.java:213) [spring-security-web-4.0.3.RELEASE.jar:4.0.3.RELEASE]
	at org.springframework.security.web.FilterChainProxy.doFilter(FilterChainProxy.java:176) [spring-security-web-4.0.3.RELEASE.jar:4.0.3.RELEASE]
	at org.springframework.web.filter.DelegatingFilterProxy.invokeDelegate(DelegatingFilterProxy.java:346) [spring-web-4.2.2.RELEASE.jar:4.2.2.RELEASE]
	at org.springframework.web.filter.DelegatingFilterProxy.doFilter(DelegatingFilterProxy.java:262) [spring-web-4.2.2.RELEASE.jar:4.2.2.RELEASE]
	at org.apache.catalina.core.ApplicationFilterChain.internalDoFilter(ApplicationFilterChain.java:241) [catalina.jar:7.0.57]
	at org.apache.catalina.core.ApplicationFilterChain.doFilter(ApplicationFilterChain.java:208) [catalina.jar:7.0.57]
	at org.apache.catalina.core.StandardWrapperValve.invoke(StandardWrapperValve.java:220) [catalina.jar:7.0.57]
	at org.apache.catalina.core.StandardContextValve.invoke(StandardContextValve.java:122) [catalina.jar:7.0.57]
	at org.apache.catalina.authenticator.AuthenticatorBase.invoke(AuthenticatorBase.java:503) [catalina.jar:7.0.57]
	at org.apache.catalina.core.StandardHostValve.invoke(StandardHostValve.java:170) [catalina.jar:7.0.57]
	at org.apache.catalina.valves.ErrorReportValve.invoke(ErrorReportValve.java:103) [catalina.jar:7.0.57]
	at org.apache.catalina.valves.AccessLogValve.invoke(AccessLogValve.java:950) [catalina.jar:7.0.57]
	at org.apache.catalina.core.StandardEngineValve.invoke(StandardEngineValve.java:116) [catalina.jar:7.0.57]
	at org.apache.catalina.connector.CoyoteAdapter.service(CoyoteAdapter.java:421) [catalina.jar:7.0.57]
	at org.apache.coyote.http11.AbstractHttp11Processor.process(AbstractHttp11Processor.java:1070) [tomcat-coyote.jar:7.0.57]
	at org.apache.coyote.AbstractProtocol$AbstractConnectionHandler.process(AbstractProtocol.java:611) [tomcat-coyote.jar:7.0.57]
	at org.apache.tomcat.util.net.JIoEndpoint$SocketProcessor.run(JIoEndpoint.java:316) [tomcat-coyote.jar:7.0.57]
	at java.util.concurrent.ThreadPoolExecutor.runWorker(ThreadPoolExecutor.java:1142) [na:1.8.0_65]
	at java.util.concurrent.ThreadPoolExecutor$Worker.run(ThreadPoolExecutor.java:617) [na:1.8.0_65]
	at org.apache.tomcat.util.threads.TaskThread$WrappingRunnable.run(TaskThread.java:61) [tomcat-coyote.jar:7.0.57]
	at java.lang.Thread.run(Thread.java:745) [na:1.8.0_65]
Caused by: se.inera.intyg.minaintyg.web.exception.ExternalWebServiceCallFailedException: Failed to invoke internal web service. Result of call is NOCONSENT, errorId: .
	at se.inera.intyg.minaintyg.web.web.service.CertificateServiceImpl.getCertificates(CertificateServiceImpl.java:155) ~[CertificateServiceImpl.class:na]
	at se.inera.intyg.minaintyg.web.web.service.CertificateServiceImpl.setCertificateState(CertificateServiceImpl.java:218) ~[CertificateServiceImpl.class:na]
	at se.inera.intyg.minaintyg.web.web.service.CertificateServiceImpl.archiveCertificate(CertificateServiceImpl.java:186) ~[CertificateServiceImpl.class:na]
	at se.inera.intyg.minaintyg.web.web.controller.api.ApiController.archive(ApiController.java:92) ~[ApiController.class:na]
	at sun.reflect.NativeMethodAccessorImpl.invoke0(Native Method) ~[na:1.8.0_65]
	at sun.reflect.NativeMethodAccessorImpl.invoke(NativeMethodAccessorImpl.java:62) ~[na:1.8.0_65]
	at sun.reflect.DelegatingMethodAccessorImpl.invoke(DelegatingMethodAccessorImpl.java:43) ~[na:1.8.0_65]
	at java.lang.reflect.Method.invoke(Method.java:497) ~[na:1.8.0_65]
	at org.apache.cxf.service.invoker.AbstractInvoker.performInvocation(AbstractInvoker.java:180) ~[cxf-core-3.1.3.jar:3.1.3]
	at org.apache.cxf.service.invoker.AbstractInvoker.invoke(AbstractInvoker.java:96) ~[cxf-core-3.1.3.jar:3.1.3]
	... 64 common frames omitted
2016-10-14 10:25:52,889 [http-bio-8181-exec-6] ERROR s.i.i.m.w.w.s.CertificateServiceImpl - Failed to fetch cert list for user #416a6b845a3314138feda9649a016885b9c1cd16877dfa74abe3d2d5e6df9ba6 from Intygstj채nsten. WS call result is se.riv.clinicalprocess.healthcond.certificate.v2.ResultType@3dd77c8e
2016-10-14 10:25:52,895 [http-bio-8181-exec-6] ERROR o.a.c.i.AbstractFaultChainInitiatorObserver - Error occurred during error handling, give up!
org.apache.cxf.interceptor.Fault: Failed to invoke internal web service. Result of call is NOCONSENT, errorId: .
	at org.apache.cxf.service.invoker.AbstractInvoker.createFault(AbstractInvoker.java:162) ~[cxf-core-3.1.3.jar:3.1.3]
	at org.apache.cxf.service.invoker.AbstractInvoker.invoke(AbstractInvoker.java:128) ~[cxf-core-3.1.3.jar:3.1.3]
	at org.apache.cxf.jaxrs.JAXRSInvoker.invoke(JAXRSInvoker.java:200) ~[cxf-rt-frontend-jaxrs-3.1.3.jar:3.1.3]
	at se.inera.intyg.minaintyg.web.web.security.VerifyConsentJAXRSInvoker.invoke(VerifyConsentJAXRSInvoker.java:110) ~[VerifyConsentJAXRSInvoker.class:na]
	at org.apache.cxf.jaxrs.JAXRSInvoker.invoke(JAXRSInvoker.java:99) ~[cxf-rt-frontend-jaxrs-3.1.3.jar:3.1.3]
	at org.apache.cxf.interceptor.ServiceInvokerInterceptor$1.run(ServiceInvokerInterceptor.java:59) ~[cxf-core-3.1.3.jar:3.1.3]
	at org.apache.cxf.interceptor.ServiceInvokerInterceptor.handleMessage(ServiceInvokerInterceptor.java:96) ~[cxf-core-3.1.3.jar:3.1.3]
	at org.apache.cxf.phase.PhaseInterceptorChain.doIntercept(PhaseInterceptorChain.java:308) ~[cxf-core-3.1.3.jar:3.1.3]
	at org.apache.cxf.transport.ChainInitiationObserver.onMessage(ChainInitiationObserver.java:121) [cxf-core-3.1.3.jar:3.1.3]
	at org.apache.cxf.transport.http.AbstractHTTPDestination.invoke(AbstractHTTPDestination.java:251) [cxf-rt-transports-http-3.1.3.jar:3.1.3]
	at org.apache.cxf.transport.servlet.ServletController.invokeDestination(ServletController.java:234) [cxf-rt-transports-http-3.1.3.jar:3.1.3]
	at org.apache.cxf.transport.servlet.ServletController.invoke(ServletController.java:208) [cxf-rt-transports-http-3.1.3.jar:3.1.3]
	at org.apache.cxf.transport.servlet.ServletController.invoke(ServletController.java:160) [cxf-rt-transports-http-3.1.3.jar:3.1.3]
	at org.apache.cxf.transport.servlet.CXFNonSpringServlet.invoke(CXFNonSpringServlet.java:171) [cxf-rt-transports-http-3.1.3.jar:3.1.3]
	at org.apache.cxf.transport.servlet.AbstractHTTPServlet.handleRequest(AbstractHTTPServlet.java:293) [cxf-rt-transports-http-3.1.3.jar:3.1.3]
	at org.apache.cxf.transport.servlet.AbstractHTTPServlet.doGet(AbstractHTTPServlet.java:217) [cxf-rt-transports-http-3.1.3.jar:3.1.3]
	at javax.servlet.http.HttpServlet.service(HttpServlet.java:620) [servlet-api.jar:na]
	at org.apache.cxf.transport.servlet.AbstractHTTPServlet.service(AbstractHTTPServlet.java:268) [cxf-rt-transports-http-3.1.3.jar:3.1.3]
	at org.apache.catalina.core.ApplicationFilterChain.internalDoFilter(ApplicationFilterChain.java:303) [catalina.jar:7.0.57]
	at org.apache.catalina.core.ApplicationFilterChain.doFilter(ApplicationFilterChain.java:208) [catalina.jar:7.0.57]
	at org.apache.tomcat.websocket.server.WsFilter.doFilter(WsFilter.java:52) [tomcat7-websocket.jar:7.0.57]
	at org.apache.catalina.core.ApplicationFilterChain.internalDoFilter(ApplicationFilterChain.java:241) [catalina.jar:7.0.57]
	at org.apache.catalina.core.ApplicationFilterChain.doFilter(ApplicationFilterChain.java:208) [catalina.jar:7.0.57]
	at org.springframework.security.web.FilterChainProxy$VirtualFilterChain.doFilter(FilterChainProxy.java:316) [spring-security-web-4.0.3.RELEASE.jar:4.0.3.RELEASE]
	at org.springframework.security.web.access.intercept.FilterSecurityInterceptor.invoke(FilterSecurityInterceptor.java:126) [spring-security-web-4.0.3.RELEASE.jar:4.0.3.RELEASE]
	at org.springframework.security.web.access.intercept.FilterSecurityInterceptor.doFilter(FilterSecurityInterceptor.java:90) [spring-security-web-4.0.3.RELEASE.jar:4.0.3.RELEASE]
	at org.springframework.security.web.FilterChainProxy$VirtualFilterChain.doFilter(FilterChainProxy.java:330) [spring-security-web-4.0.3.RELEASE.jar:4.0.3.RELEASE]
	at org.springframework.security.web.access.ExceptionTranslationFilter.doFilter(ExceptionTranslationFilter.java:114) [spring-security-web-4.0.3.RELEASE.jar:4.0.3.RELEASE]
	at org.springframework.security.web.FilterChainProxy$VirtualFilterChain.doFilter(FilterChainProxy.java:330) [spring-security-web-4.0.3.RELEASE.jar:4.0.3.RELEASE]
	at org.springframework.security.web.session.SessionManagementFilter.doFilter(SessionManagementFilter.java:122) [spring-security-web-4.0.3.RELEASE.jar:4.0.3.RELEASE]
	at org.springframework.security.web.FilterChainProxy$VirtualFilterChain.doFilter(FilterChainProxy.java:330) [spring-security-web-4.0.3.RELEASE.jar:4.0.3.RELEASE]
	at org.springframework.security.web.authentication.AnonymousAuthenticationFilter.doFilter(AnonymousAuthenticationFilter.java:111) [spring-security-web-4.0.3.RELEASE.jar:4.0.3.RELEASE]
	at org.springframework.security.web.FilterChainProxy$VirtualFilterChain.doFilter(FilterChainProxy.java:330) [spring-security-web-4.0.3.RELEASE.jar:4.0.3.RELEASE]
	at org.springframework.security.web.servletapi.SecurityContextHolderAwareRequestFilter.doFilter(SecurityContextHolderAwareRequestFilter.java:169) [spring-security-web-4.0.3.RELEASE.jar:4.0.3.RELEASE]
	at org.springframework.security.web.FilterChainProxy$VirtualFilterChain.doFilter(FilterChainProxy.java:330) [spring-security-web-4.0.3.RELEASE.jar:4.0.3.RELEASE]
	at org.springframework.security.web.savedrequest.RequestCacheAwareFilter.doFilter(RequestCacheAwareFilter.java:48) [spring-security-web-4.0.3.RELEASE.jar:4.0.3.RELEASE]
	at org.springframework.security.web.FilterChainProxy$VirtualFilterChain.doFilter(FilterChainProxy.java:330) [spring-security-web-4.0.3.RELEASE.jar:4.0.3.RELEASE]
	at org.springframework.security.web.header.HeaderWriterFilter.doFilterInternal(HeaderWriterFilter.java:64) [spring-security-web-4.0.3.RELEASE.jar:4.0.3.RELEASE]
	at org.springframework.web.filter.OncePerRequestFilter.doFilter(OncePerRequestFilter.java:107) [spring-web-4.2.2.RELEASE.jar:4.2.2.RELEASE]
	at org.springframework.security.web.FilterChainProxy$VirtualFilterChain.doFilter(FilterChainProxy.java:330) [spring-security-web-4.0.3.RELEASE.jar:4.0.3.RELEASE]
	at org.springframework.security.web.context.request.async.WebAsyncManagerIntegrationFilter.doFilterInternal(WebAsyncManagerIntegrationFilter.java:53) [spring-security-web-4.0.3.RELEASE.jar:4.0.3.RELEASE]
	at org.springframework.web.filter.OncePerRequestFilter.doFilter(OncePerRequestFilter.java:107) [spring-web-4.2.2.RELEASE.jar:4.2.2.RELEASE]
	at org.springframework.security.web.FilterChainProxy$VirtualFilterChain.doFilter(FilterChainProxy.java:330) [spring-security-web-4.0.3.RELEASE.jar:4.0.3.RELEASE]
	at org.springframework.security.web.context.SecurityContextPersistenceFilter.doFilter(SecurityContextPersistenceFilter.java:91) [spring-security-web-4.0.3.RELEASE.jar:4.0.3.RELEASE]
	at org.springframework.security.web.FilterChainProxy$VirtualFilterChain.doFilter(FilterChainProxy.java:330) [spring-security-web-4.0.3.RELEASE.jar:4.0.3.RELEASE]
	at org.springframework.security.web.FilterChainProxy.doFilterInternal(FilterChainProxy.java:213) [spring-security-web-4.0.3.RELEASE.jar:4.0.3.RELEASE]
	at org.springframework.security.web.FilterChainProxy.doFilter(FilterChainProxy.java:176) [spring-security-web-4.0.3.RELEASE.jar:4.0.3.RELEASE]
	at org.springframework.web.filter.DelegatingFilterProxy.invokeDelegate(DelegatingFilterProxy.java:346) [spring-web-4.2.2.RELEASE.jar:4.2.2.RELEASE]
	at org.springframework.web.filter.DelegatingFilterProxy.doFilter(DelegatingFilterProxy.java:262) [spring-web-4.2.2.RELEASE.jar:4.2.2.RELEASE]
	at org.apache.catalina.core.ApplicationFilterChain.internalDoFilter(ApplicationFilterChain.java:241) [catalina.jar:7.0.57]
	at org.apache.catalina.core.ApplicationFilterChain.doFilter(ApplicationFilterChain.java:208) [catalina.jar:7.0.57]
	at org.apache.catalina.core.StandardWrapperValve.invoke(StandardWrapperValve.java:220) [catalina.jar:7.0.57]
	at org.apache.catalina.core.StandardContextValve.invoke(StandardContextValve.java:122) [catalina.jar:7.0.57]
	at org.apache.catalina.authenticator.AuthenticatorBase.invoke(AuthenticatorBase.java:503) [catalina.jar:7.0.57]
	at org.apache.catalina.core.StandardHostValve.invoke(StandardHostValve.java:170) [catalina.jar:7.0.57]
	at org.apache.catalina.valves.ErrorReportValve.invoke(ErrorReportValve.java:103) [catalina.jar:7.0.57]
	at org.apache.catalina.valves.AccessLogValve.invoke(AccessLogValve.java:950) [catalina.jar:7.0.57]
	at org.apache.catalina.core.StandardEngineValve.invoke(StandardEngineValve.java:116) [catalina.jar:7.0.57]
	at org.apache.catalina.connector.CoyoteAdapter.service(CoyoteAdapter.java:421) [catalina.jar:7.0.57]
	at org.apache.coyote.http11.AbstractHttp11Processor.process(AbstractHttp11Processor.java:1070) [tomcat-coyote.jar:7.0.57]
	at org.apache.coyote.AbstractProtocol$AbstractConnectionHandler.process(AbstractProtocol.java:611) [tomcat-coyote.jar:7.0.57]
	at org.apache.tomcat.util.net.JIoEndpoint$SocketProcessor.run(JIoEndpoint.java:316) [tomcat-coyote.jar:7.0.57]
	at java.util.concurrent.ThreadPoolExecutor.runWorker(ThreadPoolExecutor.java:1142) [na:1.8.0_65]
	at java.util.concurrent.ThreadPoolExecutor$Worker.run(ThreadPoolExecutor.java:617) [na:1.8.0_65]
	at org.apache.tomcat.util.threads.TaskThread$WrappingRunnable.run(TaskThread.java:61) [tomcat-coyote.jar:7.0.57]
	at java.lang.Thread.run(Thread.java:745) [na:1.8.0_65]
Caused by: se.inera.intyg.minaintyg.web.exception.ExternalWebServiceCallFailedException: Failed to invoke internal web service. Result of call is NOCONSENT, errorId: .
	at se.inera.intyg.minaintyg.web.web.service.CertificateServiceImpl.getCertificates(CertificateServiceImpl.java:155) ~[CertificateServiceImpl.class:na]
	at se.inera.intyg.minaintyg.web.web.controller.api.ApiController.listArchivedCertificates(ApiController.java:75) ~[ApiController.class:na]
	at sun.reflect.NativeMethodAccessorImpl.invoke0(Native Method) ~[na:1.8.0_65]
	at sun.reflect.NativeMethodAccessorImpl.invoke(NativeMethodAccessorImpl.java:62) ~[na:1.8.0_65]
	at sun.reflect.DelegatingMethodAccessorImpl.invoke(DelegatingMethodAccessorImpl.java:43) ~[na:1.8.0_65]
	at java.lang.reflect.Method.invoke(Method.java:497) ~[na:1.8.0_65]
	at org.apache.cxf.service.invoker.AbstractInvoker.performInvocation(AbstractInvoker.java:180) ~[cxf-core-3.1.3.jar:3.1.3]
	at org.apache.cxf.service.invoker.AbstractInvoker.invoke(AbstractInvoker.java:96) ~[cxf-core-3.1.3.jar:3.1.3]
	... 64 common frames omitted
2016-10-14 10:26:01,777 [http-bio-8181-exec-9] WARN  s.i.i.m.w.w.s.VerifyConsentInterceptor - User: 416a6b845a3314138feda9649a016885b9c1cd16877dfa74abe3d2d5e6df9ba6 does not have consent
2016-10-14 10:26:24,010 [http-bio-8181-exec-7] WARN  s.i.i.m.w.w.s.VerifyConsentInterceptor - User: 416a6b845a3314138feda9649a016885b9c1cd16877dfa74abe3d2d5e6df9ba6 does not have consent
2016-10-14 10:26:45,391 [http-bio-8181-exec-13] WARN  s.i.i.m.w.w.s.VerifyConsentInterceptor - User: 416a6b845a3314138feda9649a016885b9c1cd16877dfa74abe3d2d5e6df9ba6 does not have consent
2016-10-14 10:27:47,835 [http-bio-8181-exec-15] WARN  s.i.i.m.w.w.s.BrowserClosedInterceptor - Browser closed and protected page revisited, user logged out
2016-10-14 12:33:58,953 [localhost-startStop-1] WARN  o.s.c.s.PropertySourcesPlaceholderConfigurer - Could not load properties from class path resource [default.test.properties]: class path resource [default.test.properties] cannot be opened because it does not exist
2016-10-14 12:35:15,844 [http-bio-8181-exec-3] WARN  s.i.i.m.w.w.s.VerifyConsentInterceptor - User: 416a6b845a3314138feda9649a016885b9c1cd16877dfa74abe3d2d5e6df9ba6 does not have consent
2016-10-14 12:35:38,032 [http-bio-8181-exec-2] WARN  s.i.i.m.w.w.s.VerifyConsentInterceptor - User: 416a6b845a3314138feda9649a016885b9c1cd16877dfa74abe3d2d5e6df9ba6 does not have consent
2016-10-14 12:36:38,289 [http-bio-8181-exec-1] WARN  s.i.i.m.w.w.s.BrowserClosedInterceptor - Browser closed and protected page revisited, user logged out
2016-10-14 12:38:21,017 [http-bio-8181-exec-10] WARN  s.i.i.m.w.w.s.VerifyConsentInterceptor - User: 9a8b138a666f84da32e9383b49a15f46f6e08d2c492352aa0dfcc3f993773b0d does not have consent
2016-10-14 12:38:35,954 [http-bio-8181-exec-7] WARN  s.i.i.m.w.w.s.VerifyConsentInterceptor - User: 9a8b138a666f84da32e9383b49a15f46f6e08d2c492352aa0dfcc3f993773b0d does not have consent
