2019-02-21 00:00:27.013 INFO  [monitoring,-,-] --- s.i.i.p.s.m.MonitoringLogService : USER_LOGIN Login user 'e5bb97d1792ff76e360cd8e928b6b9b53bda3e4fe88b026e961c2facf963a361' using scheme 'AUTHENTICATION_SCHEME'
2019-02-21 00:00:27.030 INFO  [monitoring,sEsSiOnShAsHsEsSiOnShAsH,tRaCeId1] --- s.i.i.p.s.m.MonitoringLogService : USER_LOGOUT Logout user 'e5bb97d1792ff76e360cd8e928b6b9b53bda3e4fe88b026e961c2facf963a361' using scheme 'AUTHENTICATION_SCHEME'
2019-02-21 00:00:27.091 INFO  [monitoring,sEsSiOnShAsHsEsSiOnShAsH,tRaCeId1] --- s.i.i.p.s.m.MonitoringLogService : USER_DELETED User 'e5bb97d1792ff76e360cd8e928b6b9b53bda3e4fe88b026e961c2facf963a361' deleted
2019-02-21 00:00:27.098 INFO  [monitoring,sEsSiOnShAsHsEsSiOnShAsH,tRaCeId1] --- s.i.i.p.s.m.MonitoringLogService : USER_DETAILS_CHANGED Details for user 'e5bb97d1792ff76e360cd8e928b6b9b53bda3e4fe88b026e961c2facf963a361' changed
2019-02-21 00:00:27.122 INFO  [monitoring,sEsSiOnShAsHsEsSiOnShAsH,tRaCeId1] --- s.i.i.p.s.m.MonitoringLogService : USER_REGISTERED User 'e5bb97d1792ff76e360cd8e928b6b9b53bda3e4fe88b026e961c2facf963a361' registered with consent version '1' and hsaId 'HSA_ID', returned status 'AUTHORIZED'
2019-02-21 00:09:18.632 INFO  [monitoring,sEsSiOnShAsHsEsSiOnShAsH,tRaCeId1] --- s.i.i.p.h.m.MonitoringLogService : HOSP_AUTHORIZED User 'e5bb97d1792ff76e360cd8e928b6b9b53bda3e4fe88b026e961c2facf963a361' is authorized doctor in HOSP
2019-02-21 00:09:18.700 INFO  [monitoring,-,-] --- s.i.i.p.h.m.MonitoringLogService : HOSP_NOT_AUTHORIZED User 'e5bb97d1792ff76e360cd8e928b6b9b53bda3e4fe88b026e961c2facf963a361' is not authorized doctor in HOSP
2019-02-21 00:09:18.709 INFO  [monitoring,-,-] --- s.i.i.p.h.m.MonitoringLogService : HOSP_WAITING User 'e5bb97d1792ff76e360cd8e928b6b9b53bda3e4fe88b026e961c2facf963a361' is waiting for HOSP
2019-02-21 00:09:19.459 INFO  [monitoring,-,-] --- s.i.i.p.h.m.MonitoringLogService : REGISTRATION_REMOVED User 'e5bb97d1792ff76e360cd8e928b6b9b53bda3e4fe88b026e961c2facf963a361' exceeded number of registration attempts, removing user
2019-02-21 00:10:10,375 [pool-2-thread-1] INFO  org.hibernate.engine.jdbc.batch.internal.AbstractBatchImpl- HHH000010: On release of batch it still contained JDBC statements
2019-02-21 00:10:10.377 ERROR [console,-,-] --- o.s.s.s.TaskUtils$LoggingErrorHandler    : Unexpected error occurred in scheduled task.org.hibernate.StaleStateException: Batch update returned unexpected row count from update [0]; actual row count: 0; expected: 1#015#011at org.hibernate.jdbc.Expectations$BasicExpectation.checkBatched(Expectations.java:67)#015#011at org.hibernate.jdbc.Expectations$BasicExpectation.verifyOutcome(Expectations.java:54)#015#011at org.hibernate.engine.jdbc.batch.internal.NonBatchingBatch.addToBatch(NonBatchingBatch.java:46)#015#011at org.hibernate.persister.entity.AbstractEntityPersister.delete(AbstractEntityPersister.java:3135)#015#011at org.hibernate.persister.entity.AbstractEntityPersister.delete(AbstractEntityPersister.java:3372)
2019-02-21 00:11:44.764 WARN  [console,-,-] --- o.s.d.r.l.RedisMessageListenerContainer  : Execution of message listener failed, and no ErrorHandler has been set.java.net.SocketTimeoutException: connect timed out#015#011at java.net.PlainSocketImpl.socketConnect(Native Method)#015#011at java.net.AbstractPlainSocketImpl.doConnect(AbstractPlainSocketImpl.java:350)#015#011at java.net.AbstractPlainSocketImpl.connectToAddress(AbstractPlainSocketImpl.java:206)
SEVERE: Lost connection to Sentinel at 127.0.0.1:26379. Sleeping 5000ms and retrying.
INFO 2/21/19 12:19 PM: liquibase: Successfully released change log lock
INFO 2/21/19 12:19 PM: liquibase: Reading from privatlakarportal.DATABASECHANGELOG
00:20:42.703 [localhost-startStop-1] INFO  s.i.i.i.i.p.r.PostnummerRepositoryFactory - Created PostnummerRepository containing 16244 postnummer
2019-02-21 00:20:48,271 [localhost-startStop-1] INFO  org.apache.catalina.core.ContainerBase.[Catalina].[localhost].[/]- Initializing Spring FrameworkServlet 'dispatcher'
2019-02-21 00:20:50,304 [localhost-startStop-1] INFO  org.apache.catalina.startup.HostConfig- Deployment of web application archive /deployments/ROOT.war has finished in 42,765 ms
2019-02-21 00:20:50,308 [main] INFO  org.apache.coyote.http11.Http11AprProtocol- Starting ProtocolHandler ["http-apr-8080"]
2019-02-21 00:20:50,319 [main] INFO  org.apache.catalina.startup.Catalina- Server startup in 42844 ms
