2019-02-14 16:15:33.888 INFO  [monitoring,sEsSiOnShAsHsEsSiOnShAsH,tRaCeId1,noUser] --- s.i.i.w.w.s.m.MonitoringLogService : UTKAST_PRINT Intyg 'INTYGS_ID' of type 'INTYGS_TYP' was printed
2019-02-14 16:15:34.027 INFO  [monitoring,sEsSiOnShAsHsEsSiOnShAsH,tRaCeId1,noUser] --- s.i.i.w.w.s.m.MonitoringLogService : QUESTION_RECEIVED Received question from 'FRAGESTALLARE' with external reference 'EXTERN_REFERENS' and internal reference '97' regarding intyg 'INTYGS_ID' to unit 'ENHET' with subject 'ARBETSTIDSFORLAGGNING'
2019-02-14 16:15:34.034 INFO  [monitoring,sEsSiOnShAsHsEsSiOnShAsH,tRaCeId1,noUser] --- s.i.i.w.w.s.m.MonitoringLogService : INTYG_REVOKE_STATUS_READ Revoke status of Intyg 'INTYGS_ID' of type 'INTYGS_TYP' was read.
2019-02-14 16:15:34.040 INFO  [monitoring,sEsSiOnShAsHsEsSiOnShAsH,tRaCeId1,noUser] --- s.i.i.w.w.s.m.MonitoringLogService : SCREEN_RESOLUTION Width 'WIDTH', height 'HEIGHT'
2019-02-14 16:15:34.047 INFO  [monitoring,sEsSiOnShAsHsEsSiOnShAsH,tRaCeId1,noUser] --- s.i.i.w.w.s.m.MonitoringLogService : QUESTION_RECEIVED Received question from 'FRAGESTALLARE' with external reference 'EXTERN_REFERENS' and internal reference '97' regarding intyg 'INTYGS_ID' to unit 'ENHET' with subject 'ARBETSTIDSFORLAGGNING'
2019-02-14 16:15:34.056 INFO  [monitoring,sEsSiOnShAsHsEsSiOnShAsH,tRaCeId1,noUser] --- s.i.i.w.w.s.m.MonitoringLogService : ANSWER_RECEIVED Received answer to question with external reference 'null' and internal reference 'null' regarding intyg 'null' to unit 'null' with subject 'NO AMNE'
2019-02-14 16:15:34.058 INFO  [monitoring,sEsSiOnShAsHsEsSiOnShAsH,tRaCeId1,noUser] --- s.i.i.w.w.s.m.MonitoringLogService : SRS_QUESTIONS_LISTED Questions listed for diagnosis code 'J20'
2019-02-14 16:15:34.064 INFO  [monitoring,sEsSiOnShAsHsEsSiOnShAsH,tRaCeId1,noUser] --- s.i.i.w.w.s.m.MonitoringLogService : SRS_INFORMATION_RETREIVED SRS information retreived for certifiacte 'INTYGS_ID' for diagnosis code 'J20'
2019-02-14 16:15:34.073 INFO  [monitoring,sEsSiOnShAsHsEsSiOnShAsH,tRaCeId1,noUser] --- s.i.i.w.w.s.m.MonitoringLogService : ARENDE_RECEIVED_ANSWER Received arende with amne 'KONTKT' for 'INTYGS_ID' of type 'INTYGS_TYP' for unit 'ENHET'
2019-02-14 16:15:34.076 INFO  [monitoring,sEsSiOnShAsHsEsSiOnShAsH,tRaCeId1,noUser] --- s.i.i.w.w.s.m.MonitoringLogService : ARENDE_CREATED_ANSWER Created arende with amne 'AVSTMN' for 'INTYGS_ID' of type 'INTYGS_TYP' for unit 'ENHET'
2019-02-14 16:15:34.097 INFO  [monitoring,sEsSiOnShAsHsEsSiOnShAsH,tRaCeId1,noUser] --- s.i.i.w.w.s.m.MonitoringLogService : MAIL_MISSING_ADDRESS Mail sent to admin on behalf of unit 'HSA_ID' for incoming question '223142'
2019-02-14 16:15:34.098 INFO  [monitoring,sEsSiOnShAsHsEsSiOnShAsH,tRaCeId1,noUser] --- s.i.i.w.w.s.m.MonitoringLogService : MAIL_MISSING_ADDRESS Mail sent to admin on behalf of unit 'HSA_ID' for incoming answer on question 'fec3f2f9-0553-439d-b381-c5278d428420'
2019-02-14 16:15:34.099 INFO  [monitoring,sEsSiOnShAsHsEsSiOnShAsH,tRaCeId1,noUser] --- s.i.i.w.w.s.m.MonitoringLogService : MAIL_MISSING_ADDRESS Mail sent to admin on behalf of unit 'HSA_ID' for REASON
2019-02-14 16:15:34.107 INFO  [monitoring,sEsSiOnShAsHsEsSiOnShAsH,tRaCeId1,noUser] --- s.i.i.w.w.s.m.MonitoringLogService : REVOKED_PRINT Revoked intyg 'INTYGS_ID' of type 'INTYGS_TYP' printed
2019-02-14 16:15:34.243 INFO  [monitoring,sEsSiOnShAsHsEsSiOnShAsH,tRaCeId1,noUser] --- s.i.i.w.w.s.m.MonitoringLogService : SRS_CONSENT_SET Consent set for '9a8b138a666f84da32e9383b49a15f46f6e08d2c492352aa0dfcc3f993773b0d' to 'true'
2019-02-14 16:15:34.244 INFO  [monitoring,sEsSiOnShAsHsEsSiOnShAsH,tRaCeId1,noUser] --- s.i.i.w.w.s.m.MonitoringLogService : ARENDE_RECEIVED_QUESTION Received arende with amne 'NO AMNE' for 'null' of type 'null' for unit 'null'
2019-02-14 16:15:34.249 INFO  [monitoring,sEsSiOnShAsHsEsSiOnShAsH,tRaCeId1,noUser] --- s.i.i.w.w.s.m.MonitoringLogService : USER_MISSING_MIU No valid MIU was found for user 'HSA_ID'
2019-02-14 16:15:34.260 INFO  [monitoring,sEsSiOnShAsHsEsSiOnShAsH,tRaCeId1,noUser] --- s.i.i.w.w.s.m.MonitoringLogService : INTYG_COPIED_RENEWAL Utkast 'COPY_INTYGS_ID' created as a renewal copy of 'ORGINAL_INTYG_ID'
2019-02-14 16:15:34.269 INFO  [monitoring,sEsSiOnShAsHsEsSiOnShAsH,tRaCeId1,noUser] --- s.i.i.w.w.s.m.MonitoringLogService : INTYG_PRINT_PDF Intyg 'INTYGS_ID' of type 'INTYGS_TYP' was printed as PDF
2019-02-14 16:15:34.272 INFO  [monitoring,sEsSiOnShAsHsEsSiOnShAsH,tRaCeId1,noUser] --- s.i.i.w.w.s.m.MonitoringLogService : INTYG_REVOKED Intyg 'INTYGS_ID' revoked by 'HSA_ID' reason 'REASON'
2019-02-14 16:15:34.273 INFO  [monitoring,sEsSiOnShAsHsEsSiOnShAsH,tRaCeId1,noUser] --- s.i.i.w.w.s.m.MonitoringLogService : INTYG_REGISTERED Intyg 'INTYGS_ID' of type 'INTYGS_TYP' registered with Intygstjänsten
2019-02-14 16:15:34.276 INFO  [monitoring,sEsSiOnShAsHsEsSiOnShAsH,tRaCeId1,noUser] --- s.i.i.w.w.s.m.MonitoringLogService : UTKAST_EDITED Utkast 'INTYGS_ID' of type 'INTYGS_TYP' was edited
2019-02-14 16:15:34.300 INFO  [monitoring,sEsSiOnShAsHsEsSiOnShAsH,tRaCeId1,noUser] --- s.i.i.w.w.s.m.MonitoringLogService : QUESTION_RECEIVED_COMPLETION Received completion question from 'FRAGESTALLARE' with external reference 'EXTERN_REFERENS' and internal reference '97' regarding intyg 'INTYGS_ID' to unit 'ENHET' with completion for questions 'KOMP1,KOMP2'
2019-02-14 16:15:34.306 INFO  [monitoring,sEsSiOnShAsHsEsSiOnShAsH,tRaCeId1,noUser] --- s.i.i.w.w.s.m.MonitoringLogService : INTYG_SIGNED Intyg 'INTYGS_ID' of type 'INTYGS_TYP' signed by 'HSA_ID' using scheme 'AUTH_SCHEME' and relation code 'KOMPLT'
2019-02-14 16:15:34.308 INFO  [monitoring,sEsSiOnShAsHsEsSiOnShAsH,tRaCeId1,noUser] --- s.i.i.w.w.s.m.MonitoringLogService : QUESTION_SENT Sent question with external reference 'null' and internal reference 'null' regarding intyg 'null' to unit 'null' with subject 'NO AMNE'
2019-02-14 16:15:34.309 INFO  [monitoring,sEsSiOnShAsHsEsSiOnShAsH,tRaCeId1,noUser] --- s.i.i.w.w.s.m.MonitoringLogService : UTKAST_READY_NOTIFICATION_SENT Utkast 'INTYGS_ID' of type 'INTYGS_TYP' was marked as ready and notification was sent
2019-02-14 16:15:34.317 INFO  [monitoring,sEsSiOnShAsHsEsSiOnShAsH,tRaCeId1,noUser] --- s.i.i.w.w.s.m.MonitoringLogService : SRS_CLICKED SRS clicked
2019-02-14 16:15:34.324 INFO  [monitoring,sEsSiOnShAsHsEsSiOnShAsH,tRaCeId1,noUser] --- s.i.i.w.w.s.m.MonitoringLogService : ARENDE_CREATED_ANSWER Created arende with amne 'NO AMNE' for 'null' of type 'null' for unit 'null'
2019-02-14 16:15:34.328 INFO  [monitoring,sEsSiOnShAsHsEsSiOnShAsH,tRaCeId1,noUser] --- s.i.i.w.w.s.m.MonitoringLogService : UTKAST_CREATED Utkast 'INTYGS_ID' of type 'INTYGS_TYP' created by 'HSA_ID' on unit 'ENHET'
2019-02-14 16:15:34.335 INFO  [monitoring,sEsSiOnShAsHsEsSiOnShAsH,tRaCeId1,noUser] --- s.i.i.w.w.s.m.MonitoringLogService : INTYG_COPIED Utkast 'COPY_INTYGS_ID' created as a copy of 'ORGINAL_INTYG_ID'
2019-02-14 16:15:34.340 INFO  [monitoring,sEsSiOnShAsHsEsSiOnShAsH,tRaCeId1,noUser] --- s.i.i.w.w.s.m.MonitoringLogService : LOGIN_OTHER_UNIT Viewed intyg 'INTYGS_ID' of type 'INTYGS_TYP' on other unit 'ENHET'
2019-02-14 16:15:34.349 INFO  [monitoring,sEsSiOnShAsHsEsSiOnShAsH,tRaCeId1,noUser] --- s.i.i.w.w.s.m.MonitoringLogService : UTKAST_REVOKED Utkast 'INTYGS_ID' revoked by 'HSA_ID' reason 'REASON' message 'REVOKE_MESSAGE'
2019-02-14 16:15:34.357 INFO  [monitoring,sEsSiOnShAsHsEsSiOnShAsH,tRaCeId1,noUser] --- s.i.i.w.w.s.m.MonitoringLogService : SRS_GET_SRS_FOR_DIAGNOSIS_CODE SRS information retreived for diagnosis code 'J20'
2019-02-14 16:15:34.366 INFO  [monitoring,sEsSiOnShAsHsEsSiOnShAsH,tRaCeId1,noUser] --- s.i.i.w.w.s.m.MonitoringLogService : PU_LOOKUP Lookup performed on '9a8b138a666f84da32e9383b49a15f46f6e08d2c492352aa0dfcc3f993773b0d' with result 'RESULT'
2019-02-14 16:15:34.376 INFO  [monitoring,sEsSiOnShAsHsEsSiOnShAsH,tRaCeId1,noUser] --- s.i.i.w.w.s.m.MonitoringLogService : ARENDE_RECEIVED_ANSWER Received arende with amne 'NO AMNE' for 'INTYGS_ID' of type 'INTYGS_TYP' for unit 'ENHET'
2019-02-14 16:15:34.378 INFO  [monitoring,sEsSiOnShAsHsEsSiOnShAsH,tRaCeId1,noUser] --- s.i.i.w.w.s.m.MonitoringLogService : UTKAST_READ Utkast 'INTYGS_ID' of type 'INTYGS_TYP' was read
2019-02-14 16:15:34.387 INFO  [monitoring,sEsSiOnShAsHsEsSiOnShAsH,tRaCeId1,noUser] --- s.i.i.w.w.s.m.MonitoringLogService : USER_LOGIN Login user 'HSA_ID' using scheme 'AUTH_SCHEME' with origin 'NORMAL'
2019-02-14 16:15:34.390 INFO  [monitoring,sEsSiOnShAsHsEsSiOnShAsH,tRaCeId1,noUser] --- s.i.i.w.w.s.m.MonitoringLogService : INTYG_COPIED_COMPLETION Utkast 'COPY_INTYGS_ID' created as a completion copy of 'ORGINAL_INTYG_ID'
2019-02-14 16:15:34.392 INFO  [monitoring,sEsSiOnShAsHsEsSiOnShAsH,tRaCeId1,noUser] --- s.i.i.w.w.s.m.MonitoringLogService : ARENDE_RECEIVED_QUESTION Received arende with amne 'KONTKT' for 'INTYGS_ID' of type 'INTYGS_TYP' for unit 'ENHET'
2019-02-14 16:15:34.403 INFO  [monitoring,sEsSiOnShAsHsEsSiOnShAsH,tRaCeId1,noUser] --- s.i.i.w.w.s.m.MonitoringLogService : SRS_STATISTIK_CLICKED SRS statistik clicked
2019-02-14 16:15:34.404 INFO  [monitoring,sEsSiOnShAsHsEsSiOnShAsH,tRaCeId1,noUser] --- s.i.i.w.w.s.m.MonitoringLogService : INTYG_SIGNED Intyg 'INTYGS_ID' of type 'INTYGS_TYP' signed by 'HSA_ID' using scheme 'AUTH_SCHEME' and relation code 'NO RELATION'
2019-02-14 16:15:34.422 INFO  [monitoring,sEsSiOnShAsHsEsSiOnShAsH,tRaCeId1,noUser] --- s.i.i.w.w.s.m.MonitoringLogService : UTKAST_DELETED Utkast 'INTYGS_ID' of type 'INTYGS_TYP' was deleted
2019-02-14 16:15:34.425 INFO  [monitoring,sEsSiOnShAsHsEsSiOnShAsH,tRaCeId1,noUser] --- s.i.i.w.w.s.m.MonitoringLogService : NOTIFICATION_SENT Sent notification of type 'HAN_TYPE' to unit 'ENHET' for 'INTYGS_ID'
2019-02-14 16:15:34.433 INFO  [monitoring,sEsSiOnShAsHsEsSiOnShAsH,tRaCeId1,noUser] --- s.i.i.w.w.s.m.MonitoringLogService : USER_SESSION_EXPIRY Session expired for user 'HSA_ID' using scheme 'AUTH_SCHEME'
2019-02-14 16:15:34.436 INFO  [monitoring,sEsSiOnShAsHsEsSiOnShAsH,tRaCeId1,noUser] --- s.i.i.w.w.s.m.MonitoringLogService : LOGIN_OTHER_CAREGIVER Viewed intyg 'INTYGS_ID' of type 'INTYGS_TYP' on other caregiver 'VARDGIVARE' unit 'ENHET'
2019-02-14 16:15:34.440 INFO  [monitoring,sEsSiOnShAsHsEsSiOnShAsH,tRaCeId1,noUser] --- s.i.i.w.w.s.m.MonitoringLogService : QUESTION_RECEIVED Received question from 'null' with external reference 'null' and internal reference 'null' regarding intyg 'null' to unit 'null' with subject 'NO AMNE'
2019-02-14 16:15:34.446 INFO  [monitoring,sEsSiOnShAsHsEsSiOnShAsH,tRaCeId1,noUser] --- s.i.i.w.w.s.m.MonitoringLogService : ANSWER_SENT Sent answer to question with external reference 'EXTERN_REFERENS' and internal reference '97' regarding intyg 'INTYGS_ID' to unit 'ENHET' with subject 'ARBETSTIDSFORLAGGNING'
2019-02-14 16:15:34.450 INFO  [monitoring,sEsSiOnShAsHsEsSiOnShAsH,tRaCeId1,HSA_ID,ENHET,DJUPINTEGRATION,LAKARE] --- s.i.i.w.w.s.m.MonitoringLogService : INTYG_READ Intyg 'INTYGS_ID' of type 'INTYGS_TYP' was read
2019-02-14 16:15:34.453 INFO  [monitoring,sEsSiOnShAsHsEsSiOnShAsH,tRaCeId1,HSA_ID,ENHET,DJUPINTEGRATION,LAKARE] --- s.i.i.w.w.s.m.MonitoringLogService : INTYG_SENT Intyg 'INTYGS_ID' sent to recipient 'RECIPIENT'
2019-02-14 16:15:34.455 INFO  [monitoring,sEsSiOnShAsHsEsSiOnShAsH,tRaCeId1,noUser] --- s.i.i.w.w.s.m.MonitoringLogService : DIAGNOSKODVERK_CHANGED Diagnoskodverk changed for utkast 'INTYGS_ID' of type 'INTYGS_TYP'
2019-02-14 16:15:34.460 INFO  [monitoring,sEsSiOnShAsHsEsSiOnShAsH,tRaCeId1,noUser] --- s.i.i.w.w.s.m.MonitoringLogService : UTKAST_PATIENT_UPDATED Patient details for utkast 'INTYGS_ID' of type 'INTYGS_TYP' updated
2019-02-14 16:15:34.465 INFO  [monitoring,sEsSiOnShAsHsEsSiOnShAsH,tRaCeId1,noUser] --- s.i.i.w.w.s.m.MonitoringLogService : SRS_ATGARD_CLICKED SRS atgard clicked
2019-02-14 16:15:34.475 INFO  [monitoring,sEsSiOnShAsHsEsSiOnShAsH,tRaCeId1,noUser] --- s.i.i.w.w.s.m.MonitoringLogService : ANSWER_SENT Sent answer to question with external reference 'null' and internal reference 'null' regarding intyg 'null' to unit 'null' with subject 'NO AMNE'
2019-02-14 16:15:34.482 INFO  [monitoring,sEsSiOnShAsHsEsSiOnShAsH,tRaCeId1,HSA_ID,ENHET,NORMAL,LAKARE] --- s.i.i.w.w.s.m.MonitoringLogService : USER_LOGOUT Logout user 'HSA_ID' using scheme 'AUTH_SCHEME'
2019-02-14 16:15:34.484 INFO  [monitoring,sEsSiOnShAsHsEsSiOnShAsH,tRaCeId1,noUser] --- s.i.i.w.w.s.m.MonitoringLogService : PP_TERMS_ACCEPTED User 'HSA_ID', personId '9a8b138a666f84da32e9383b49a15f46f6e08d2c492352aa0dfcc3f993773b0d' accepted private practitioner terms of version '98'
2019-02-14 16:15:34.489 INFO  [monitoring,sEsSiOnShAsHsEsSiOnShAsH,tRaCeId1,noUser] --- s.i.i.w.w.s.m.MonitoringLogService : ARENDE_CREATED_QUESTION Created arende with amne 'NO AMNE' for 'null' of type 'null' for unit 'null'
2019-02-14 16:15:34.492 INFO  [monitoring,sEsSiOnShAsHsEsSiOnShAsH,tRaCeId1,noUser] --- s.i.i.w.w.s.m.MonitoringLogService : USER_MISSING_MIU_ON_ENHET No valid MIU was found for user 'HSA_ID' on unit 'ENHET'
2019-02-14 16:15:34.493 INFO  [monitoring,sEsSiOnShAsHsEsSiOnShAsH,tRaCeId1,noUser] --- s.i.i.w.w.s.m.MonitoringLogService : INTYG_COPIED_REPLACEMENT Utkast 'COPY_INTYGS_ID' created as a replacement copy of 'ORGINAL_INTYG_ID'
2019-02-14 16:15:34.500 INFO  [monitoring,sEsSiOnShAsHsEsSiOnShAsH,tRaCeId1,noUser] --- s.i.i.w.w.s.m.MonitoringLogService : UTKAST_CONCURRENTLY_EDITED Utkast 'INTYGS_ID' of type 'INTYGS_TYP' was concurrently edited by multiple users
2019-02-14 16:15:34.503 INFO  [monitoring,sEsSiOnShAsHsEsSiOnShAsH,tRaCeId1,noUser] --- s.i.i.w.w.s.m.MonitoringLogService : ARENDE_CREATED_QUESTION Created arende with amne 'AVSTMN' for 'INTYGS_ID' of type 'INTYGS_TYP' for unit 'ENHET'
2019-02-14 16:15:34.508 INFO  [monitoring,sEsSiOnShAsHsEsSiOnShAsH,tRaCeId1,noUser] --- s.i.i.w.w.s.m.MonitoringLogService : MEDICINSKT_ARENDE_RECEIVED Received medicinskt arende for 'INTYGS_ID' of type 'INTYGS_TYP' for unit 'ENHET' on questions '[1, 2]'
2019-02-14 16:15:34.514 INFO  [monitoring,sEsSiOnShAsHsEsSiOnShAsH,tRaCeId1,noUser] --- s.i.i.w.w.s.m.MonitoringLogService : MAIL_SENT Mail sent to unit 'HSA_ID' for REASON
2019-02-14 16:15:34.515 INFO  [monitoring,sEsSiOnShAsHsEsSiOnShAsH,tRaCeId1,noUser] --- s.i.i.w.w.s.m.MonitoringLogService : MAIL_SENT Mail sent to unit 'HSA_ID' for incoming question '223143'
2019-02-14 16:15:34.516 INFO  [monitoring,sEsSiOnShAsHsEsSiOnShAsH,tRaCeId1,noUser] --- s.i.i.w.w.s.m.MonitoringLogService : MAIL_SENT Mail sent to unit 'HSA_ID' for incoming question '268cc612-cf50-4440-bb9d-553045c12c59'
2019-02-14 16:15:34.517 INFO  [monitoring,sEsSiOnShAsHsEsSiOnShAsH,tRaCeId1,noUser] --- s.i.i.w.w.s.m.MonitoringLogService : MAIL_SENT Mail sent to unit 'HSA_ID' for incoming answer on question '222495'
2019-02-14 16:15:34.525 INFO  [monitoring,sEsSiOnShAsHsEsSiOnShAsH,tRaCeId1,noUser] --- s.i.i.w.w.s.m.MonitoringLogService : QUESTION_SENT Sent question with external reference 'EXTERN_REFERENS' and internal reference '97' regarding intyg 'INTYGS_ID' to unit 'ENHET' with subject 'ARBETSTIDSFORLAGGNING'
2019-02-14 16:15:34.529 INFO  [monitoring,sEsSiOnShAsHsEsSiOnShAsH,tRaCeId1,noUser] --- s.i.i.w.w.s.m.MonitoringLogService : SRS_SHOWN SRS shown
2019-02-14 16:15:34.533 INFO  [monitoring,sEsSiOnShAsHsEsSiOnShAsH,tRaCeId1,noUser] --- s.i.i.w.w.s.m.MonitoringLogService : ANSWER_RECEIVED Received answer to question with external reference 'EXTERN_REFERENS' and internal reference '97' regarding intyg 'INTYGS_ID' to unit 'ENHET' with subject 'ARBETSTIDSFORLAGGNING'
2019-02-14 16:29:47.457 INFO  [console,-,-] --- s.i.i.w.n.n.s.v3.NotificationWSClient    : NotificationWSClient got message:Unexpected event SKAPAT with time 2019-02-14 16:19:19, because already received the latest event SKICKA with time 2019-02-14 16:25:23.533
2019-02-14 16:48:10.602 WARN  [console,-,-] --- s.i.i.w.n.n.s.v3.NotificationWSClient    : Exception occured when sending status update: java.lang.NullPointerException
2019-02-14 16:48:10.603 ERROR [console,-,-] --- s.i.i.w.n.n.r.NotificationRouteBuilder   : Temporary exception for intygs-id: INTYGS_ID, to: ENHET, with message: javax.xml.ws.soap.SOAPFaultException: java.lang.NullPointerException#015 se.inera.intyg.webcert.common.sender.exception.TemporaryException: javax.xml.ws.soap.SOAPFaultException: java.lang.NullPointerException#015#011at se.inera.intyg.webcert.notification_sender.notifications.services.v3.NotificationWSClient.sendStatusUpdate(NotificationWSClient.java:64)#015#011at sun.reflect.GeneratedMethodAccessor424.invoke(Unknown Source)#015#011at sun.reflect.DelegatingMethodAccessorImpl.invoke(DelegatingMethodAccessorImpl.java:43)#015#011at java.lang.reflect.Method.invoke(Method.java:498)#015#011at org.apache.camel.component.bean.MethodInfo.invoke(MethodInfo.java:408)#015#011at org.apache.camel.component.bean.MethodInfo$1.doProceed(MethodInfo.java:279)#015#011at org.apache.camel.component.bean.MethodInfo$1.proceed(MethodInfo.java:252)#015#011at org.apache.camel.component.bean.BeanProcessor.process(BeanProcessor.java:177)#015#011at org.apache.camel.util.AsyncProcessorHelper.process(AsyncProcessorHelper.java:109)#015#011at org.apache.camel.component.bean.BeanProcessor.process(BeanProcessor.java:68)#015#011at org.apache.camel.component.bean.BeanProducer.process(BeanProducer.java:38)#015#011at org.apache.camel.processor.SendProcessor.process(SendProcessor.java:145)#015#011at org.apache.camel.management.InstrumentationProcessor.process(InstrumentationProcessor.java:77)#015#011at org.apache.camel.processor.RedeliveryErrorHandler.process(RedeliveryErrorHandler.java:460)#015#011at org.apache.camel.spring.spi.TransactionErrorHandler.processByErrorHandler(TransactionErrorHandler.java:218)#015#011at org.apache.camel.spring.spi.TransactionErrorHandler.process(TransactionErrorHandler.java:99)#015#011at org.apache.camel.processor.CamelInternalProcessor.process(CamelInternalProcessor.java:165)#015#011at org.apache.camel.processor.Pipeline.process(Pipeline.java:121)#015#011at org.apache.camel.processor.Pipeline.process(Pipeline.java:83)#015#011at org.apache.camel.processor.RedeliveryErrorHandler.process(RedeliveryErrorHandler.java:460)#015#011at org.apache.camel.spring.spi.TransactionErrorHandler.processByErrorHandler(TransactionErrorHandler.java:218)#015#011at org.apache.camel.spring.spi.TransactionErrorHandler.process(TransactionErrorHandler.java:99)#015#011at org.apache.camel.spring.spi.TransactionErrorHandler.process(TransactionErrorHandler.java:112)#015#011at org.apache.camel.management.InstrumentationProcessor.process(InstrumentationProcessor.java:77)#015#011at org.apache.camel.processor.RedeliveryErrorHandler.process(RedeliveryErrorHandler.java:460)#015#011at org.apache.camel.spring.spi.TransactionErrorHandler.processByErrorHandler(TransactionErrorHandler.java:218)#015#011at org.apache.camel.spring.spi.TransactionErrorHandler$1.doInTransactionWithoutResult(TransactionErrorHandler.java:181)#015#011at org.springframework.transaction.support.TransactionCallbackWithoutResult.doInTransaction(TransactionCallbackWithoutResult.java:34)#015#011at org.springframework.transaction.support.TransactionTemplate.execute(TransactionTemplate.java:133)#015#011at org.apache.camel.spring.spi.TransactionErrorHandler.doInTransactionTemplate(TransactionErrorHandler.java:174)#015#011at org.apache.camel.spring.spi.TransactionErrorHandler.processInTransaction(TransactionErrorHandler.java:134)
2019-02-14 16:48:35.378 WARN  [console,-,-] --- s.i.i.w.n.n.r.NotificationRouteBuilder   : Temporary exception for intygs-id: INTYGS_ID, to: ENHET, with message: NotificationWSClient failed with error code: TECHNICAL_ERROR and message Certificate not found in COSMIC and ref field is missing, cannot store certificate. Possible race condition. Retry later when the certificate may have been stored in COSMIC. | Log Id: LOG_ID
2019-02-14 16:49:41.880 INFO  [console,-,-] --- s.i.i.w.n.n.r.NotificationRouteBuilder   : Caught error for ANDRAT notification (total delivery count 30) of COSMIC typ B for intygs-id: INTYGS_ID, to: ENHET
2019-02-14 16:49:47.797 WARN  [console,-,-] --- s.i.i.w.n.n.r.NotificationRouteBuilder   : Throwing away notification (COSMIC typ B) after trying to deliver ANDRAT notification 31 times for intygs-id: INTYGS_ID, to: ENHET
2019-02-14 16:53:10.603 WARN  [console,-,-] --- o.a.c.s.spi.TransactionErrorHandler      : Transaction rollback (0x447ab9f7) redelivered(false) for (MessageId: ID:url.to.active.mq-43748-1550238302475-1:1:2:1:623 on ExchangeId: ID-pod-name-40772-1550155313756-0-30934) caught: se.inera.intyg.webcert.common.sender.exception.TemporaryException: javax.xml.ws.soap.SOAPFaultException: java.lang.NullPointerException
2019-02-14 16:58:59.722 INFO  [console,sEsSiOnShAsHsEsSiOnShAsH,tRaCeId1] --- s.i.i.w.w.s.intyg.IntygServiceImpl       : Set komplettering QAs as handled for INTYGS_ID
2019-02-14 16:58:59.958 ERROR [console,sEsSiOnShAsHsEsSiOnShAsH,tRaCeId1] --- s.i.i.c.fkparent.rest.FkParentModuleApi  : Could not get certificate with id INTYGS_ID from Intygstjansten. SOAPFault: Certificate with id INTYGS_ID is invalid or does not exist
2019-02-14 16:59:56.662 WARN  [console,-,-] --- s.i.i.w.n.n.s.v3.NotificationWSClient    : Exception occured when sending status update: VP004 No receiverId (logical address) found for serviceNamespace:urn:riv:clinicalprocess:healthcond:certificate:CertificateStatusUpdateForCareResponder:3, receiverId:ENHET, RivVersion:RIVTABP21, From:RTjP-name
2019-02-14 16:59:58.015 ERROR [console,-,-] --- .i.i.w.n.n.s.v.NotificationInInterceptor : Handling HTTP 500 error in CertificateStatusUpdateForCareResponse. Raw body is:#015<S:Envelope xmlns:S="http://schemas.xmlsoap.org/soap/envelope/"><S:Body><S:Fault xmlns:ns4="http://www.w3.org/2003/05/soap-envelope"><faultcode>S:Server</faultcode><faultstring>java.lang.NullPointerException</faultstring><detail><ns2:exception xmlns:ns2="http://jax-ws.dev.java.net/" class="java.lang.NullPointerException" note="To disable this feature, set com.sun.xml.ws.fault.SOAPFaultBuilder.disableCaptureStackTrace system property to false"><ns2:stackTrace/></ns2:exception></detail></S:Fault></S:Body></S:Envelope>
2019-02-14 17:02:09,958 [main] INFO  org.apache.catalina.startup.Catalina- Server startup in 52763 ms
2019-02-14 17:02:09,951 [main] INFO  org.apache.coyote.http11.Http11AprProtocol- Starting ProtocolHandler ["http-apr-8080"]
2019-02-14 17:02:09,948 [localhost-startStop-1] INFO  org.apache.catalina.startup.HostConfig- Deployment of web application archive /deployments/ROOT.war has finished in 52,705 ms
2019-02-14 17:42:08,312 [localhost-startStop-1] INFO  org.apache.catalina.core.ContainerBase.[Catalina].[localhost].[/]- Initializing Spring FrameworkServlet 'web'
INFO 2/14/19 5:41 PM: liquibase: Successfully acquired change log lock
INFO 2/14/19 5:41 PM: liquibase: Reading from webcert.DATABASECHANGELOG
INFO 2/14/19 5:41 PM: liquibase: Successfully released change log lock
2019-02-14 17:41:40,361 [localhost-startStop-1] INFO  org.hibernate.hql.internal.QueryTranslatorFactoryInitiator- HHH000397: Using ASTQueryTranslatorFactory
Feb 14, 2019 5:41:42 PM redis.clients.jedis.JedisSentinelPool initSentinels
INFO: Trying to find master from available Sentinels...
INFO: Redis master running at 127.0.0.1:6379, starting Sentinel listeners...
Feb 14, 2019 5:41:42 PM redis.clients.jedis.JedisSentinelPool initSentinels
Feb 14, 2019 5:41:42 PM redis.clients.jedis.JedisSentinelPool initPool
INFO: Created JedisPool to master at 127.0.0.1:6379
