2016-10-11 09:56:06,031 NO SESSION NO USER NO UNIT NO ORIGIN NO ROLE - MAIL_SENT Mail sent to unit '{}' for {}
2016-10-11 09:56:06,031 NO SESSION NO USER NO UNIT NO ORIGIN NO ROLE - MAIL_MISSING_ADDRESS Mail sent to admin on behalf of unit '{}' for {}
2016-10-11 09:56:06,031 NO SESSION NO USER NO UNIT NO ORIGIN NO ROLE - USER_LOGIN Login user '{}' using scheme '{}' with origin '{}'
2016-10-11 09:56:06,031 NO SESSION NO USER NO UNIT NO ORIGIN NO ROLE - USER_LOGOUT Logout user '{}' using scheme '{}'
2016-10-11 09:56:06,031 NO SESSION NO USER NO UNIT NO ORIGIN NO ROLE - USER_SESSION_EXPIRY Session expired for user '{}' using scheme '{}'
2016-10-11 09:56:06,031 NO SESSION NO USER NO UNIT NO ORIGIN NO ROLE - USER_MISSING_MIU No valid MIU was found for user '{}'
2016-10-11 09:56:06,031 NO SESSION NO USER NO UNIT NO ORIGIN NO ROLE - USER_MISSING_MIU_ON_ENHET No valid MIU was found for user 'HSA_ID' on unit 'ENHET'
2016-10-11 09:56:06,031 NO SESSION NO USER NO UNIT NO ORIGIN NO ROLE - QUESTION_RECEIVED Received question from '{}' with external reference '{}' and internal reference '{}' regarding intyg '{}' to unit '{}' with subject '{}'
2016-10-11 09:56:06,031 NO SESSION NO USER NO UNIT NO ORIGIN NO ROLE - QUESTION_RECEIVED_COMPLETION Received completion question from '{}' with external reference '{}' and internal reference '{}' regarding intyg '{}' to unit '{}' with completion for questions '{}'
2016-10-11 09:56:06,031 NO SESSION NO USER NO UNIT NO ORIGIN NO ROLE - ANSWER_RECEIVED Received answer to question with external reference '{}' and internal reference '{}' regarding intyg '{}' to unit '{}' with subject '{}'
2016-10-11 09:56:06,031 NO SESSION NO USER NO UNIT NO ORIGIN NO ROLE - QUESTION_SENT Sent question with external reference '{}' and internal reference '{}' regarding intyg '{}' to unit '{}' with subject '{}'
2016-10-11 09:56:06,031 NO SESSION NO USER NO UNIT NO ORIGIN NO ROLE - ANSWER_SENT Sent answer to question with external reference '{}' and internal reference '{}' regarding intyg '{}' to unit '{}' with subject '{}'
2016-10-11 09:56:06,031 NO SESSION NO USER NO UNIT NO ORIGIN NO ROLE - INTYG_READ Intyg '{}' of type '{}' was read
2016-10-11 09:56:06,031 NO SESSION NO USER NO UNIT NO ORIGIN NO ROLE - INTYG_PRINT_PDF Intyg '{}' of type '{}' was printed as PDF
2016-10-11 09:56:06,031 NO SESSION NO USER NO UNIT NO ORIGIN NO ROLE - INTYG_SIGNED Intyg '{}' signed by '{}' using scheme '{}' and relation code '{}'
2016-10-11 09:56:06,031 NO SESSION NO USER NO UNIT NO ORIGIN NO ROLE - INTYG_REGISTERED Intyg '{}' of type '{}' registered with Intygstjänsten
2016-10-11 09:56:06,031 NO SESSION NO USER NO UNIT NO ORIGIN NO ROLE - INTYG_SENT Intyg '{}' sent to recipient '{}'
2016-10-11 09:56:06,031 NO SESSION NO USER NO UNIT NO ORIGIN NO ROLE - INTYG_REVOKED Intyg '{}' revoked by '{}'
2016-10-11 09:56:06,031 NO SESSION NO USER NO UNIT NO ORIGIN NO ROLE - INTYG_COPIED Utkast '{}' created as a copy of '{}'
2016-10-11 09:56:06,031 NO SESSION NO USER NO UNIT NO ORIGIN NO ROLE - INTYG_COPIED_RENEWAL Utkast '{}' created as a renewal copy of '{}'
2016-10-11 09:56:06,031 NO SESSION NO USER NO UNIT NO ORIGIN NO ROLE - INTYG_COPIED_REPLACEMENT Utkast '{}' created as a replacement copy of '{}'
2016-10-11 09:56:06,031 NO SESSION NO USER NO UNIT NO ORIGIN NO ROLE - INTYG_COPIED_COMPLETION Utkast '{}' created as a completion copy of '{}'
2016-10-11 09:56:06,031 NO SESSION NO USER NO UNIT NO ORIGIN NO ROLE - UTKAST_CREATED Utkast '{}' of type '{}' created by '{}' on unit '{}'
2016-10-11 09:56:06,031 NO SESSION NO USER NO UNIT NO ORIGIN NO ROLE - UTKAST_EDITED Utkast '{}' of type '{}' was edited
2016-10-11 09:56:06,031 NO SESSION NO USER NO UNIT NO ORIGIN NO ROLE - UTKAST_CONCURRENTLY_EDITED Utkast '{}' of type '{}' was concurrently edited by multiple users
2016-10-11 09:56:06,031 NO SESSION NO USER NO UNIT NO ORIGIN NO ROLE - UTKAST_DELETED Utkast '{}' of type '{}' was deleted
2016-10-11 09:56:06,031 NO SESSION NO USER NO UNIT NO ORIGIN NO ROLE - UTKAST_PRINT Intyg '{}' of type '{}' was printed
2016-10-11 09:56:06,031 NO SESSION NO USER NO UNIT NO ORIGIN NO ROLE - PP_TERMS_ACCEPTED User '{}', personId '{}' accepted private practitioner terms of version '{}'
2016-10-11 09:56:06,031 NO SESSION NO USER NO UNIT NO ORIGIN NO ROLE - PU_LOOKUP Lookup performed on '{}' with result '{}'
2016-10-11 09:56:06,031 NO SESSION NO USER NO UNIT NO ORIGIN NO ROLE - NOTIFICATION_SENT Sent notification of type '{}' to unit '{}'
2016-10-11 09:56:06,031 NO SESSION NO USER NO UNIT NO ORIGIN NO ROLE - ARENDE_RECEIVED_ANSWER Received arende with amne '{}' for '{}' of type '{}' for unit '{}'
2016-10-11 09:56:06,031 NO SESSION NO USER NO UNIT NO ORIGIN NO ROLE - ARENDE_RECEIVED_QUESTION Received arende with amne '{}' for '{}' of type '{}' for unit '{}'
2016-10-11 09:56:06,031 NO SESSION NO USER NO UNIT NO ORIGIN NO ROLE - MEDICINSKT_ARENDE_RECEIVED Received medicinskt arende for '{}' of type '{}' for unit '{}' on questions '{}'
2016-10-11 09:56:06,031 NO SESSION NO USER NO UNIT NO ORIGIN NO ROLE - ARENDE_CREATED_QUESTION Created arende with amne '{}' for '{}' of type '{}' for unit '{}'
2016-10-11 09:56:06,031 NO SESSION NO USER NO UNIT NO ORIGIN NO ROLE - ARENDE_CREATED_ANSWER Created arende with amne '{}' for '{}' of type '{}' for unit '{}'
2016-10-11 09:56:06,031 NO SESSION NO USER NO UNIT NO ORIGIN NO ROLE - LOGIN_OTHER_UNIT Viewed intyg '{}' of type '{}' on other unit '{}'
2016-10-11 09:56:06,031 NO SESSION NO USER NO UNIT NO ORIGIN NO ROLE - LOGIN_OTHER_CAREGIVER Viewed intyg '{}' of type '{}' on other caregiver '{}' unit '{}'
2016-10-11 09:56:06,031 NO SESSION NO USER NO UNIT NO ORIGIN NO ROLE - LOGIN_OTHER_UNIT Viewed intyg '{}' of type '{}' on other unit '{}'
2016-10-11 09:56:06,031 NO SESSION NO USER NO UNIT NO ORIGIN NO ROLE - LOGIN_OTHER_CAREGIVER Viewed intyg '{}' of type '{}' on other caregiver '{}' unit '{}'
